[0.010s] Invoking command in '/home/ap432/Mart-Cart-Project/build/tiago_bringup': AMENT_PREFIX_PATH=/home/ap432/Mart-Cart-Project/install/tiago_description:/home/ap432/Mart-Cart-Project/install/tiago_controller_configuration:${AMENT_PREFIX_PATH} CMAKE_PREFIX_PATH=/home/ap432/Mart-Cart-Project/install/tiago_description:/home/ap432/Mart-Cart-Project/install/tiago_controller_configuration:/home/ap432/ros2_ws/install/slam:/home/ap432/ros2_ws/install/nav2:/home/ap432/ros2_ws/install/sensor:/home/ap432/ros2_ws/install/robot_description:/home/ap432/ros2_ws/install/multi_robot:/home/ap432/ros2_ws/install/gazebo_simulation:/home/ap432/ros2_ws/install/basics:/opt/ros/humble:${CMAKE_PREFIX_PATH} PYTHONPATH=/home/ap432/Mart-Cart-Project/install/tiago_description/local/lib/python3.10/dist-packages:${PYTHONPATH} /usr/bin/cmake /home/ap432/Mart-Cart-Project/tiago_robot/tiago_bringup -DAMENT_CMAKE_SYMLINK_INSTALL=1 -DCMAKE_INSTALL_PREFIX=/home/ap432/Mart-Cart-Project/install/tiago_bringup
[0.048s] -- The C compiler identification is GNU 11.4.0
[0.091s] -- The CXX compiler identification is GNU 11.4.0
[0.096s] -- Detecting C compiler ABI info
[0.140s] -- Detecting C compiler ABI info - done
[0.143s] -- Check for working C compiler: /usr/bin/cc - skipped
[0.143s] -- Detecting C compile features
[0.143s] -- Detecting C compile features - done
[0.145s] -- Detecting CXX compiler ABI info
[0.200s] -- Detecting CXX compiler ABI info - done
[0.205s] -- Check for working CXX compiler: /usr/bin/c++ - skipped
[0.206s] -- Detecting CXX compile features
[0.206s] -- Detecting CXX compile features - done
[0.207s] -- Found ament_cmake_auto: 1.3.14 (/opt/ros/humble/share/ament_cmake_auto/cmake)
[0.341s] -- Found Python3: /usr/bin/python3 (found version "3.10.12") found components: Interpreter 
[0.398s] -- Override CMake install command with custom implementation using symlinks instead of copying resources
[0.473s] -- Found ament_lint_auto: 0.12.15 (/opt/ros/humble/share/ament_lint_auto/cmake)
[0.494s] -- Added test 'copyright' to check source files copyright and LICENSE
[0.496s] -- Added test 'flake8' to check Python code syntax and style conventions
[0.497s] -- Added test 'lint_cmake' to check CMake code style
[0.498s] -- Added test 'pep257' to check Python code against some of the docstring style conventions in PEP 257
[0.499s] -- Added test 'xmllint' to check XML markup files
[0.500s] -- Configuring done
[0.504s] -- Generating done
[0.505s] -- Build files have been written to: /home/ap432/Mart-Cart-Project/build/tiago_bringup
[0.509s] Invoked command in '/home/ap432/Mart-Cart-Project/build/tiago_bringup' returned '0': AMENT_PREFIX_PATH=/home/ap432/Mart-Cart-Project/install/tiago_description:/home/ap432/Mart-Cart-Project/install/tiago_controller_configuration:${AMENT_PREFIX_PATH} CMAKE_PREFIX_PATH=/home/ap432/Mart-Cart-Project/install/tiago_description:/home/ap432/Mart-Cart-Project/install/tiago_controller_configuration:/home/ap432/ros2_ws/install/slam:/home/ap432/ros2_ws/install/nav2:/home/ap432/ros2_ws/install/sensor:/home/ap432/ros2_ws/install/robot_description:/home/ap432/ros2_ws/install/multi_robot:/home/ap432/ros2_ws/install/gazebo_simulation:/home/ap432/ros2_ws/install/basics:/opt/ros/humble:${CMAKE_PREFIX_PATH} PYTHONPATH=/home/ap432/Mart-Cart-Project/install/tiago_description/local/lib/python3.10/dist-packages:${PYTHONPATH} /usr/bin/cmake /home/ap432/Mart-Cart-Project/tiago_robot/tiago_bringup -DAMENT_CMAKE_SYMLINK_INSTALL=1 -DCMAKE_INSTALL_PREFIX=/home/ap432/Mart-Cart-Project/install/tiago_bringup
[0.511s] Invoking command in '/home/ap432/Mart-Cart-Project/build/tiago_bringup': AMENT_PREFIX_PATH=/home/ap432/Mart-Cart-Project/install/tiago_description:/home/ap432/Mart-Cart-Project/install/tiago_controller_configuration:${AMENT_PREFIX_PATH} CMAKE_PREFIX_PATH=/home/ap432/Mart-Cart-Project/install/tiago_description:/home/ap432/Mart-Cart-Project/install/tiago_controller_configuration:/home/ap432/ros2_ws/install/slam:/home/ap432/ros2_ws/install/nav2:/home/ap432/ros2_ws/install/sensor:/home/ap432/ros2_ws/install/robot_description:/home/ap432/ros2_ws/install/multi_robot:/home/ap432/ros2_ws/install/gazebo_simulation:/home/ap432/ros2_ws/install/basics:/opt/ros/humble:${CMAKE_PREFIX_PATH} PYTHONPATH=/home/ap432/Mart-Cart-Project/install/tiago_description/local/lib/python3.10/dist-packages:${PYTHONPATH} /usr/bin/cmake --build /home/ap432/Mart-Cart-Project/build/tiago_bringup -- -j22 -l22
[0.533s] Invoked command in '/home/ap432/Mart-Cart-Project/build/tiago_bringup' returned '0': AMENT_PREFIX_PATH=/home/ap432/Mart-Cart-Project/install/tiago_description:/home/ap432/Mart-Cart-Project/install/tiago_controller_configuration:${AMENT_PREFIX_PATH} CMAKE_PREFIX_PATH=/home/ap432/Mart-Cart-Project/install/tiago_description:/home/ap432/Mart-Cart-Project/install/tiago_controller_configuration:/home/ap432/ros2_ws/install/slam:/home/ap432/ros2_ws/install/nav2:/home/ap432/ros2_ws/install/sensor:/home/ap432/ros2_ws/install/robot_description:/home/ap432/ros2_ws/install/multi_robot:/home/ap432/ros2_ws/install/gazebo_simulation:/home/ap432/ros2_ws/install/basics:/opt/ros/humble:${CMAKE_PREFIX_PATH} PYTHONPATH=/home/ap432/Mart-Cart-Project/install/tiago_description/local/lib/python3.10/dist-packages:${PYTHONPATH} /usr/bin/cmake --build /home/ap432/Mart-Cart-Project/build/tiago_bringup -- -j22 -l22
[0.534s] Invoking command in '/home/ap432/Mart-Cart-Project/build/tiago_bringup': AMENT_PREFIX_PATH=/home/ap432/Mart-Cart-Project/install/tiago_description:/home/ap432/Mart-Cart-Project/install/tiago_controller_configuration:${AMENT_PREFIX_PATH} CMAKE_PREFIX_PATH=/home/ap432/Mart-Cart-Project/install/tiago_description:/home/ap432/Mart-Cart-Project/install/tiago_controller_configuration:/home/ap432/ros2_ws/install/slam:/home/ap432/ros2_ws/install/nav2:/home/ap432/ros2_ws/install/sensor:/home/ap432/ros2_ws/install/robot_description:/home/ap432/ros2_ws/install/multi_robot:/home/ap432/ros2_ws/install/gazebo_simulation:/home/ap432/ros2_ws/install/basics:/opt/ros/humble:${CMAKE_PREFIX_PATH} PYTHONPATH=/home/ap432/Mart-Cart-Project/install/tiago_description/local/lib/python3.10/dist-packages:${PYTHONPATH} /usr/bin/cmake --install /home/ap432/Mart-Cart-Project/build/tiago_bringup
[0.540s] -- Install configuration: ""
[0.540s] -- Execute custom install script
[0.540s] -- Symlinking: /home/ap432/Mart-Cart-Project/install/tiago_bringup/lib/tiago_bringup/regen_em_file.py
[0.548s] -- Symlinking: /home/ap432/Mart-Cart-Project/install/tiago_bringup/share/tiago_bringup/config/joy_config/joystick_analyzers.yaml
[0.553s] -- Symlinking: /home/ap432/Mart-Cart-Project/install/tiago_bringup/share/tiago_bringup/config/motion_planner/motion_planner.yaml.em
[0.557s] -- Symlinking: /home/ap432/Mart-Cart-Project/install/tiago_bringup/share/tiago_bringup/config/motion_planner/motion_planner_custom.yaml
[0.562s] -- Symlinking: /home/ap432/Mart-Cart-Project/install/tiago_bringup/share/tiago_bringup/config/motion_planner/motion_planner_no-arm.yaml
[0.566s] -- Symlinking: /home/ap432/Mart-Cart-Project/install/tiago_bringup/share/tiago_bringup/config/motion_planner/motion_planner_no-ee.yaml
[0.570s] -- Symlinking: /home/ap432/Mart-Cart-Project/install/tiago_bringup/share/tiago_bringup/config/motion_planner/motion_planner_pal-gripper.yaml
[0.575s] -- Symlinking: /home/ap432/Mart-Cart-Project/install/tiago_bringup/share/tiago_bringup/config/motion_planner/motion_planner_pal-hey5.yaml
[0.581s] -- Symlinking: /home/ap432/Mart-Cart-Project/install/tiago_bringup/share/tiago_bringup/config/motion_planner/motion_planner_robotiq-2f-140.yaml
[0.587s] -- Symlinking: /home/ap432/Mart-Cart-Project/install/tiago_bringup/share/tiago_bringup/config/motion_planner/motion_planner_robotiq-2f-85.yaml
[0.598s] -- Symlinking: /home/ap432/Mart-Cart-Project/install/tiago_bringup/share/tiago_bringup/config/motion_planner/motion_planner_robotiq-epick.yaml
[0.604s] -- Symlinking: /home/ap432/Mart-Cart-Project/install/tiago_bringup/share/tiago_bringup/config/motions/tiago_motions.yaml.em
[0.609s] -- Symlinking: /home/ap432/Mart-Cart-Project/install/tiago_bringup/share/tiago_bringup/config/motions/tiago_motions_custom.yaml
[0.615s] -- Symlinking: /home/ap432/Mart-Cart-Project/install/tiago_bringup/share/tiago_bringup/config/motions/tiago_motions_general.yaml
[0.623s] -- Symlinking: /home/ap432/Mart-Cart-Project/install/tiago_bringup/share/tiago_bringup/config/motions/tiago_motions_head.yaml
[0.628s] -- Symlinking: /home/ap432/Mart-Cart-Project/install/tiago_bringup/share/tiago_bringup/config/motions/tiago_motions_no-arm.yaml
[0.633s] -- Symlinking: /home/ap432/Mart-Cart-Project/install/tiago_bringup/share/tiago_bringup/config/motions/tiago_motions_pal-gripper.yaml
[0.638s] -- Symlinking: /home/ap432/Mart-Cart-Project/install/tiago_bringup/share/tiago_bringup/config/motions/tiago_motions_pal-hey5.yaml
[0.644s] -- Symlinking: /home/ap432/Mart-Cart-Project/install/tiago_bringup/share/tiago_bringup/config/motions/tiago_motions_robotiq-2f-140.yaml
[0.648s] -- Symlinking: /home/ap432/Mart-Cart-Project/install/tiago_bringup/share/tiago_bringup/config/motions/tiago_motions_robotiq-2f-85.yaml
[0.654s] -- Symlinking: /home/ap432/Mart-Cart-Project/install/tiago_bringup/share/tiago_bringup/config/motions/tiago_motions_robotiq-epick.yaml
[0.658s] -- Symlinking: /home/ap432/Mart-Cart-Project/install/tiago_bringup/share/tiago_bringup/config/twist_mux/joystick_omni_base.yaml
[0.664s] -- Symlinking: /home/ap432/Mart-Cart-Project/install/tiago_bringup/share/tiago_bringup/config/twist_mux/joystick_pmb2.yaml
[0.668s] -- Symlinking: /home/ap432/Mart-Cart-Project/install/tiago_bringup/share/tiago_bringup/config/twist_mux/twist_mux_analyzers.yaml
[0.674s] -- Symlinking: /home/ap432/Mart-Cart-Project/install/tiago_bringup/share/tiago_bringup/config/twist_mux/twist_mux_locks.yaml
[0.679s] -- Symlinking: /home/ap432/Mart-Cart-Project/install/tiago_bringup/share/tiago_bringup/config/twist_mux/twist_mux_topics.yaml
[0.683s] -- Symlinking: /home/ap432/Mart-Cart-Project/install/tiago_bringup/share/tiago_bringup/launch/joystick_teleop.launch.py
[0.688s] -- Symlinking: /home/ap432/Mart-Cart-Project/install/tiago_bringup/share/tiago_bringup/launch/tiago_bringup.launch.py
[0.694s] -- Symlinking: /home/ap432/Mart-Cart-Project/install/tiago_bringup/share/tiago_bringup/launch/tiago_play_motion2.launch.py
[0.700s] -- Symlinking: /home/ap432/Mart-Cart-Project/install/tiago_bringup/share/tiago_bringup/launch/twist_mux.launch.py
[0.705s] -- Symlinking: /home/ap432/Mart-Cart-Project/install/tiago_bringup/share/ament_index/resource_index/package_run_dependencies/tiago_bringup
[0.713s] -- Symlinking: /home/ap432/Mart-Cart-Project/install/tiago_bringup/share/ament_index/resource_index/parent_prefix_path/tiago_bringup
[0.717s] -- Symlinking: /home/ap432/Mart-Cart-Project/install/tiago_bringup/share/tiago_bringup/environment/ament_prefix_path.sh
[0.728s] -- Symlinking: /home/ap432/Mart-Cart-Project/install/tiago_bringup/share/tiago_bringup/environment/ament_prefix_path.dsv
[0.733s] -- Symlinking: /home/ap432/Mart-Cart-Project/install/tiago_bringup/share/tiago_bringup/environment/path.sh
[0.737s] -- Symlinking: /home/ap432/Mart-Cart-Project/install/tiago_bringup/share/tiago_bringup/environment/path.dsv
[0.744s] -- Symlinking: /home/ap432/Mart-Cart-Project/install/tiago_bringup/share/tiago_bringup/local_setup.bash
[0.748s] -- Symlinking: /home/ap432/Mart-Cart-Project/install/tiago_bringup/share/tiago_bringup/local_setup.sh
[0.759s] -- Symlinking: /home/ap432/Mart-Cart-Project/install/tiago_bringup/share/tiago_bringup/local_setup.zsh
[0.774s] -- Symlinking: /home/ap432/Mart-Cart-Project/install/tiago_bringup/share/tiago_bringup/local_setup.dsv
[0.780s] -- Symlinking: /home/ap432/Mart-Cart-Project/install/tiago_bringup/share/tiago_bringup/package.dsv
[0.795s] -- Symlinking: /home/ap432/Mart-Cart-Project/install/tiago_bringup/share/ament_index/resource_index/packages/tiago_bringup
[0.811s] -- Symlinking: /home/ap432/Mart-Cart-Project/install/tiago_bringup/share/tiago_bringup/cmake/tiago_bringupConfig.cmake
[0.816s] -- Symlinking: /home/ap432/Mart-Cart-Project/install/tiago_bringup/share/tiago_bringup/cmake/tiago_bringupConfig-version.cmake
[0.822s] -- Symlinking: /home/ap432/Mart-Cart-Project/install/tiago_bringup/share/tiago_bringup/package.xml
[0.829s] Invoked command in '/home/ap432/Mart-Cart-Project/build/tiago_bringup' returned '0': AMENT_PREFIX_PATH=/home/ap432/Mart-Cart-Project/install/tiago_description:/home/ap432/Mart-Cart-Project/install/tiago_controller_configuration:${AMENT_PREFIX_PATH} CMAKE_PREFIX_PATH=/home/ap432/Mart-Cart-Project/install/tiago_description:/home/ap432/Mart-Cart-Project/install/tiago_controller_configuration:/home/ap432/ros2_ws/install/slam:/home/ap432/ros2_ws/install/nav2:/home/ap432/ros2_ws/install/sensor:/home/ap432/ros2_ws/install/robot_description:/home/ap432/ros2_ws/install/multi_robot:/home/ap432/ros2_ws/install/gazebo_simulation:/home/ap432/ros2_ws/install/basics:/opt/ros/humble:${CMAKE_PREFIX_PATH} PYTHONPATH=/home/ap432/Mart-Cart-Project/install/tiago_description/local/lib/python3.10/dist-packages:${PYTHONPATH} /usr/bin/cmake --install /home/ap432/Mart-Cart-Project/build/tiago_bringup
