[0.025s] Invoking command in '/home/ap432/Mart-Cart-Project/build/tiago_robot': AMENT_PREFIX_PATH=/home/ap432/Mart-Cart-Project/install/tiago_bringup:/home/ap432/Mart-Cart-Project/install/tiago_description:/home/ap432/Mart-Cart-Project/install/tiago_controller_configuration:${AMENT_PREFIX_PATH} CMAKE_PREFIX_PATH=/home/ap432/Mart-Cart-Project/install/tiago_bringup:/home/ap432/Mart-Cart-Project/install/tiago_description:/home/ap432/Mart-Cart-Project/install/tiago_controller_configuration:/home/ap432/ros2_ws/install/slam:/home/ap432/ros2_ws/install/nav2:/home/ap432/ros2_ws/install/sensor:/home/ap432/ros2_ws/install/robot_description:/home/ap432/ros2_ws/install/multi_robot:/home/ap432/ros2_ws/install/gazebo_simulation:/home/ap432/ros2_ws/install/basics:/opt/ros/humble:${CMAKE_PREFIX_PATH} PYTHONPATH=/home/ap432/Mart-Cart-Project/install/tiago_description/local/lib/python3.10/dist-packages:${PYTHONPATH} /usr/bin/cmake --build /home/ap432/Mart-Cart-Project/build/tiago_robot -- -j22 -l22
[0.048s] Invoked command in '/home/ap432/Mart-Cart-Project/build/tiago_robot' returned '0': AMENT_PREFIX_PATH=/home/ap432/Mart-Cart-Project/install/tiago_bringup:/home/ap432/Mart-Cart-Project/install/tiago_description:/home/ap432/Mart-Cart-Project/install/tiago_controller_configuration:${AMENT_PREFIX_PATH} CMAKE_PREFIX_PATH=/home/ap432/Mart-Cart-Project/install/tiago_bringup:/home/ap432/Mart-Cart-Project/install/tiago_description:/home/ap432/Mart-Cart-Project/install/tiago_controller_configuration:/home/ap432/ros2_ws/install/slam:/home/ap432/ros2_ws/install/nav2:/home/ap432/ros2_ws/install/sensor:/home/ap432/ros2_ws/install/robot_description:/home/ap432/ros2_ws/install/multi_robot:/home/ap432/ros2_ws/install/gazebo_simulation:/home/ap432/ros2_ws/install/basics:/opt/ros/humble:${CMAKE_PREFIX_PATH} PYTHONPATH=/home/ap432/Mart-Cart-Project/install/tiago_description/local/lib/python3.10/dist-packages:${PYTHONPATH} /usr/bin/cmake --build /home/ap432/Mart-Cart-Project/build/tiago_robot -- -j22 -l22
[0.049s] Invoking command in '/home/ap432/Mart-Cart-Project/build/tiago_robot': AMENT_PREFIX_PATH=/home/ap432/Mart-Cart-Project/install/tiago_bringup:/home/ap432/Mart-Cart-Project/install/tiago_description:/home/ap432/Mart-Cart-Project/install/tiago_controller_configuration:${AMENT_PREFIX_PATH} CMAKE_PREFIX_PATH=/home/ap432/Mart-Cart-Project/install/tiago_bringup:/home/ap432/Mart-Cart-Project/install/tiago_description:/home/ap432/Mart-Cart-Project/install/tiago_controller_configuration:/home/ap432/ros2_ws/install/slam:/home/ap432/ros2_ws/install/nav2:/home/ap432/ros2_ws/install/sensor:/home/ap432/ros2_ws/install/robot_description:/home/ap432/ros2_ws/install/multi_robot:/home/ap432/ros2_ws/install/gazebo_simulation:/home/ap432/ros2_ws/install/basics:/opt/ros/humble:${CMAKE_PREFIX_PATH} PYTHONPATH=/home/ap432/Mart-Cart-Project/install/tiago_description/local/lib/python3.10/dist-packages:${PYTHONPATH} /usr/bin/cmake --install /home/ap432/Mart-Cart-Project/build/tiago_robot
[0.053s] -- Install configuration: ""
[0.054s] -- Execute custom install script
[0.054s] -- Up-to-date symlink: /home/ap432/Mart-Cart-Project/install/tiago_robot/share/ament_index/resource_index/package_run_dependencies/tiago_robot
[0.054s] -- Up-to-date symlink: /home/ap432/Mart-Cart-Project/install/tiago_robot/share/ament_index/resource_index/parent_prefix_path/tiago_robot
[0.054s] -- Up-to-date symlink: /home/ap432/Mart-Cart-Project/install/tiago_robot/share/tiago_robot/environment/ament_prefix_path.sh
[0.054s] -- Up-to-date symlink: /home/ap432/Mart-Cart-Project/install/tiago_robot/share/tiago_robot/environment/ament_prefix_path.dsv
[0.054s] -- Up-to-date symlink: /home/ap432/Mart-Cart-Project/install/tiago_robot/share/tiago_robot/environment/path.sh
[0.055s] -- Up-to-date symlink: /home/ap432/Mart-Cart-Project/install/tiago_robot/share/tiago_robot/environment/path.dsv
[0.055s] -- Up-to-date symlink: /home/ap432/Mart-Cart-Project/install/tiago_robot/share/tiago_robot/local_setup.bash
[0.055s] -- Up-to-date symlink: /home/ap432/Mart-Cart-Project/install/tiago_robot/share/tiago_robot/local_setup.sh
[0.055s] -- Up-to-date symlink: /home/ap432/Mart-Cart-Project/install/tiago_robot/share/tiago_robot/local_setup.zsh
[0.056s] -- Up-to-date symlink: /home/ap432/Mart-Cart-Project/install/tiago_robot/share/tiago_robot/local_setup.dsv
[0.056s] -- Symlinking: /home/ap432/Mart-Cart-Project/install/tiago_robot/share/tiago_robot/package.dsv
[0.059s] -- Up-to-date symlink: /home/ap432/Mart-Cart-Project/install/tiago_robot/share/ament_index/resource_index/packages/tiago_robot
[0.059s] -- Up-to-date symlink: /home/ap432/Mart-Cart-Project/install/tiago_robot/share/tiago_robot/cmake/tiago_robotConfig.cmake
[0.059s] -- Up-to-date symlink: /home/ap432/Mart-Cart-Project/install/tiago_robot/share/tiago_robot/cmake/tiago_robotConfig-version.cmake
[0.059s] -- Up-to-date symlink: /home/ap432/Mart-Cart-Project/install/tiago_robot/share/tiago_robot/package.xml
[0.062s] Invoked command in '/home/ap432/Mart-Cart-Project/build/tiago_robot' returned '0': AMENT_PREFIX_PATH=/home/ap432/Mart-Cart-Project/install/tiago_bringup:/home/ap432/Mart-Cart-Project/install/tiago_description:/home/ap432/Mart-Cart-Project/install/tiago_controller_configuration:${AMENT_PREFIX_PATH} CMAKE_PREFIX_PATH=/home/ap432/Mart-Cart-Project/install/tiago_bringup:/home/ap432/Mart-Cart-Project/install/tiago_description:/home/ap432/Mart-Cart-Project/install/tiago_controller_configuration:/home/ap432/ros2_ws/install/slam:/home/ap432/ros2_ws/install/nav2:/home/ap432/ros2_ws/install/sensor:/home/ap432/ros2_ws/install/robot_description:/home/ap432/ros2_ws/install/multi_robot:/home/ap432/ros2_ws/install/gazebo_simulation:/home/ap432/ros2_ws/install/basics:/opt/ros/humble:${CMAKE_PREFIX_PATH} PYTHONPATH=/home/ap432/Mart-Cart-Project/install/tiago_description/local/lib/python3.10/dist-packages:${PYTHONPATH} /usr/bin/cmake --install /home/ap432/Mart-Cart-Project/build/tiago_robot
