[0.026s] Invoking command in '/home/ap432/Mart-Cart-Project/build/tiago_robot': AMENT_PREFIX_PATH=/home/ap432/Mart-Cart-Project/install/tiago_bringup:/home/ap432/Mart-Cart-Project/install/tiago_description:/home/ap432/Mart-Cart-Project/install/tiago_controller_configuration:${AMENT_PREFIX_PATH} CMAKE_PREFIX_PATH=/home/ap432/Mart-Cart-Project/install/tiago_bringup:/home/ap432/Mart-Cart-Project/install/tiago_description:/home/ap432/Mart-Cart-Project/install/tiago_controller_configuration:/home/ap432/ros2_ws/install/slam:/home/ap432/ros2_ws/install/nav2:/home/ap432/ros2_ws/install/sensor:/home/ap432/ros2_ws/install/robot_description:/home/ap432/ros2_ws/install/multi_robot:/home/ap432/ros2_ws/install/gazebo_simulation:/home/ap432/ros2_ws/install/basics:/opt/ros/humble:${CMAKE_PREFIX_PATH} PYTHONPATH=/home/ap432/Mart-Cart-Project/install/tiago_description/local/lib/python3.10/dist-packages:${PYTHONPATH} /usr/bin/cmake /home/ap432/Mart-Cart-Project/tiago_robot/tiago_robot -DAMENT_CMAKE_SYMLINK_INSTALL=1 -DCMAKE_INSTALL_PREFIX=/home/ap432/Mart-Cart-Project/install/tiago_robot
[0.062s] -- The C compiler identification is GNU 11.4.0
[0.099s] -- The CXX compiler identification is GNU 11.4.0
[0.104s] -- Detecting C compiler ABI info
[0.157s] -- Detecting C compiler ABI info - done
[0.162s] -- Check for working C compiler: /usr/bin/cc - skipped
[0.162s] -- Detecting C compile features
[0.162s] -- Detecting C compile features - done
[0.165s] -- Detecting CXX compiler ABI info
[0.220s] -- Detecting CXX compiler ABI info - done
[0.226s] -- Check for working CXX compiler: /usr/bin/c++ - skipped
[0.226s] -- Detecting CXX compile features
[0.226s] -- Detecting CXX compile features - done
[0.229s] -- Found ament_cmake: 1.3.14 (/opt/ros/humble/share/ament_cmake/cmake)
[0.373s] -- Found Python3: /usr/bin/python3 (found version "3.10.12") found components: Interpreter 
[0.445s] -- Override CMake install command with custom implementation using symlinks instead of copying resources
[0.527s] -- Configuring done
[0.531s] -- Generating done
[0.532s] -- Build files have been written to: /home/ap432/Mart-Cart-Project/build/tiago_robot
[0.538s] Invoked command in '/home/ap432/Mart-Cart-Project/build/tiago_robot' returned '0': AMENT_PREFIX_PATH=/home/ap432/Mart-Cart-Project/install/tiago_bringup:/home/ap432/Mart-Cart-Project/install/tiago_description:/home/ap432/Mart-Cart-Project/install/tiago_controller_configuration:${AMENT_PREFIX_PATH} CMAKE_PREFIX_PATH=/home/ap432/Mart-Cart-Project/install/tiago_bringup:/home/ap432/Mart-Cart-Project/install/tiago_description:/home/ap432/Mart-Cart-Project/install/tiago_controller_configuration:/home/ap432/ros2_ws/install/slam:/home/ap432/ros2_ws/install/nav2:/home/ap432/ros2_ws/install/sensor:/home/ap432/ros2_ws/install/robot_description:/home/ap432/ros2_ws/install/multi_robot:/home/ap432/ros2_ws/install/gazebo_simulation:/home/ap432/ros2_ws/install/basics:/opt/ros/humble:${CMAKE_PREFIX_PATH} PYTHONPATH=/home/ap432/Mart-Cart-Project/install/tiago_description/local/lib/python3.10/dist-packages:${PYTHONPATH} /usr/bin/cmake /home/ap432/Mart-Cart-Project/tiago_robot/tiago_robot -DAMENT_CMAKE_SYMLINK_INSTALL=1 -DCMAKE_INSTALL_PREFIX=/home/ap432/Mart-Cart-Project/install/tiago_robot
[0.539s] Invoking command in '/home/ap432/Mart-Cart-Project/build/tiago_robot': AMENT_PREFIX_PATH=/home/ap432/Mart-Cart-Project/install/tiago_bringup:/home/ap432/Mart-Cart-Project/install/tiago_description:/home/ap432/Mart-Cart-Project/install/tiago_controller_configuration:${AMENT_PREFIX_PATH} CMAKE_PREFIX_PATH=/home/ap432/Mart-Cart-Project/install/tiago_bringup:/home/ap432/Mart-Cart-Project/install/tiago_description:/home/ap432/Mart-Cart-Project/install/tiago_controller_configuration:/home/ap432/ros2_ws/install/slam:/home/ap432/ros2_ws/install/nav2:/home/ap432/ros2_ws/install/sensor:/home/ap432/ros2_ws/install/robot_description:/home/ap432/ros2_ws/install/multi_robot:/home/ap432/ros2_ws/install/gazebo_simulation:/home/ap432/ros2_ws/install/basics:/opt/ros/humble:${CMAKE_PREFIX_PATH} PYTHONPATH=/home/ap432/Mart-Cart-Project/install/tiago_description/local/lib/python3.10/dist-packages:${PYTHONPATH} /usr/bin/cmake --build /home/ap432/Mart-Cart-Project/build/tiago_robot -- -j22 -l22
[0.569s] Invoked command in '/home/ap432/Mart-Cart-Project/build/tiago_robot' returned '0': AMENT_PREFIX_PATH=/home/ap432/Mart-Cart-Project/install/tiago_bringup:/home/ap432/Mart-Cart-Project/install/tiago_description:/home/ap432/Mart-Cart-Project/install/tiago_controller_configuration:${AMENT_PREFIX_PATH} CMAKE_PREFIX_PATH=/home/ap432/Mart-Cart-Project/install/tiago_bringup:/home/ap432/Mart-Cart-Project/install/tiago_description:/home/ap432/Mart-Cart-Project/install/tiago_controller_configuration:/home/ap432/ros2_ws/install/slam:/home/ap432/ros2_ws/install/nav2:/home/ap432/ros2_ws/install/sensor:/home/ap432/ros2_ws/install/robot_description:/home/ap432/ros2_ws/install/multi_robot:/home/ap432/ros2_ws/install/gazebo_simulation:/home/ap432/ros2_ws/install/basics:/opt/ros/humble:${CMAKE_PREFIX_PATH} PYTHONPATH=/home/ap432/Mart-Cart-Project/install/tiago_description/local/lib/python3.10/dist-packages:${PYTHONPATH} /usr/bin/cmake --build /home/ap432/Mart-Cart-Project/build/tiago_robot -- -j22 -l22
[0.570s] Invoking command in '/home/ap432/Mart-Cart-Project/build/tiago_robot': AMENT_PREFIX_PATH=/home/ap432/Mart-Cart-Project/install/tiago_bringup:/home/ap432/Mart-Cart-Project/install/tiago_description:/home/ap432/Mart-Cart-Project/install/tiago_controller_configuration:${AMENT_PREFIX_PATH} CMAKE_PREFIX_PATH=/home/ap432/Mart-Cart-Project/install/tiago_bringup:/home/ap432/Mart-Cart-Project/install/tiago_description:/home/ap432/Mart-Cart-Project/install/tiago_controller_configuration:/home/ap432/ros2_ws/install/slam:/home/ap432/ros2_ws/install/nav2:/home/ap432/ros2_ws/install/sensor:/home/ap432/ros2_ws/install/robot_description:/home/ap432/ros2_ws/install/multi_robot:/home/ap432/ros2_ws/install/gazebo_simulation:/home/ap432/ros2_ws/install/basics:/opt/ros/humble:${CMAKE_PREFIX_PATH} PYTHONPATH=/home/ap432/Mart-Cart-Project/install/tiago_description/local/lib/python3.10/dist-packages:${PYTHONPATH} /usr/bin/cmake --install /home/ap432/Mart-Cart-Project/build/tiago_robot
[0.574s] -- Install configuration: ""
[0.574s] -- Execute custom install script
[0.575s] -- Symlinking: /home/ap432/Mart-Cart-Project/install/tiago_robot/share/ament_index/resource_index/package_run_dependencies/tiago_robot
[0.580s] -- Symlinking: /home/ap432/Mart-Cart-Project/install/tiago_robot/share/ament_index/resource_index/parent_prefix_path/tiago_robot
[0.585s] -- Symlinking: /home/ap432/Mart-Cart-Project/install/tiago_robot/share/tiago_robot/environment/ament_prefix_path.sh
[0.590s] -- Symlinking: /home/ap432/Mart-Cart-Project/install/tiago_robot/share/tiago_robot/environment/ament_prefix_path.dsv
[0.596s] -- Symlinking: /home/ap432/Mart-Cart-Project/install/tiago_robot/share/tiago_robot/environment/path.sh
[0.601s] -- Symlinking: /home/ap432/Mart-Cart-Project/install/tiago_robot/share/tiago_robot/environment/path.dsv
[0.606s] -- Symlinking: /home/ap432/Mart-Cart-Project/install/tiago_robot/share/tiago_robot/local_setup.bash
[0.614s] -- Symlinking: /home/ap432/Mart-Cart-Project/install/tiago_robot/share/tiago_robot/local_setup.sh
[0.621s] -- Symlinking: /home/ap432/Mart-Cart-Project/install/tiago_robot/share/tiago_robot/local_setup.zsh
[0.627s] -- Symlinking: /home/ap432/Mart-Cart-Project/install/tiago_robot/share/tiago_robot/local_setup.dsv
[0.632s] -- Symlinking: /home/ap432/Mart-Cart-Project/install/tiago_robot/share/tiago_robot/package.dsv
[0.638s] -- Symlinking: /home/ap432/Mart-Cart-Project/install/tiago_robot/share/ament_index/resource_index/packages/tiago_robot
[0.650s] -- Symlinking: /home/ap432/Mart-Cart-Project/install/tiago_robot/share/tiago_robot/cmake/tiago_robotConfig.cmake
[0.655s] -- Symlinking: /home/ap432/Mart-Cart-Project/install/tiago_robot/share/tiago_robot/cmake/tiago_robotConfig-version.cmake
[0.660s] -- Symlinking: /home/ap432/Mart-Cart-Project/install/tiago_robot/share/tiago_robot/package.xml
[0.666s] Invoked command in '/home/ap432/Mart-Cart-Project/build/tiago_robot' returned '0': AMENT_PREFIX_PATH=/home/ap432/Mart-Cart-Project/install/tiago_bringup:/home/ap432/Mart-Cart-Project/install/tiago_description:/home/ap432/Mart-Cart-Project/install/tiago_controller_configuration:${AMENT_PREFIX_PATH} CMAKE_PREFIX_PATH=/home/ap432/Mart-Cart-Project/install/tiago_bringup:/home/ap432/Mart-Cart-Project/install/tiago_description:/home/ap432/Mart-Cart-Project/install/tiago_controller_configuration:/home/ap432/ros2_ws/install/slam:/home/ap432/ros2_ws/install/nav2:/home/ap432/ros2_ws/install/sensor:/home/ap432/ros2_ws/install/robot_description:/home/ap432/ros2_ws/install/multi_robot:/home/ap432/ros2_ws/install/gazebo_simulation:/home/ap432/ros2_ws/install/basics:/opt/ros/humble:${CMAKE_PREFIX_PATH} PYTHONPATH=/home/ap432/Mart-Cart-Project/install/tiago_description/local/lib/python3.10/dist-packages:${PYTHONPATH} /usr/bin/cmake --install /home/ap432/Mart-Cart-Project/build/tiago_robot
