[0.028s] Invoking command in '/home/ap432/Mart-Cart-Project/build/tiago_controller_configuration': CMAKE_PREFIX_PATH=/home/ap432/ros2_ws/install/slam:/home/ap432/ros2_ws/install/nav2:/home/ap432/ros2_ws/install/sensor:/home/ap432/ros2_ws/install/robot_description:/home/ap432/ros2_ws/install/multi_robot:/home/ap432/ros2_ws/install/gazebo_simulation:/home/ap432/ros2_ws/install/basics:/opt/ros/humble:${CMAKE_PREFIX_PATH} /usr/bin/cmake /home/ap432/Mart-Cart-Project/tiago_robot/tiago_controller_configuration -DAMENT_CMAKE_SYMLINK_INSTALL=1 -DCMAKE_INSTALL_PREFIX=/home/ap432/Mart-Cart-Project/install/tiago_controller_configuration
[0.160s] -- The C compiler identification is GNU 11.4.0
[0.254s] -- The CXX compiler identification is GNU 11.4.0
[0.264s] -- Detecting C compiler ABI info
[0.315s] -- Detecting C compiler ABI info - done
[0.320s] -- Check for working C compiler: /usr/bin/cc - skipped
[0.320s] -- Detecting C compile features
[0.321s] -- Detecting C compile features - done
[0.326s] -- Detecting CXX compiler ABI info
[0.404s] -- Detecting CXX compiler ABI info - done
[0.409s] -- Check for working CXX compiler: /usr/bin/c++ - skipped
[0.409s] -- Detecting CXX compile features
[0.410s] -- Detecting CXX compile features - done
[0.412s] -- Found ament_cmake_auto: 1.3.14 (/opt/ros/humble/share/ament_cmake_auto/cmake)
[0.545s] -- Found Python3: /usr/bin/python3 (found version "3.10.12") found components: Interpreter 
[0.617s] -- Override CMake install command with custom implementation using symlinks instead of copying resources
[0.715s] -- Found ament_lint_auto: 0.12.15 (/opt/ros/humble/share/ament_lint_auto/cmake)
[0.772s] -- Added test 'copyright' to check source files copyright and LICENSE
[0.774s] -- Added test 'flake8' to check Python code syntax and style conventions
[0.775s] -- Added test 'lint_cmake' to check CMake code style
[0.776s] -- Added test 'pep257' to check Python code against some of the docstring style conventions in PEP 257
[0.777s] -- Added test 'xmllint' to check XML markup files
[0.779s] -- Configuring done
[0.783s] -- Generating done
[0.795s] -- Build files have been written to: /home/ap432/Mart-Cart-Project/build/tiago_controller_configuration
[0.799s] Invoked command in '/home/ap432/Mart-Cart-Project/build/tiago_controller_configuration' returned '0': CMAKE_PREFIX_PATH=/home/ap432/ros2_ws/install/slam:/home/ap432/ros2_ws/install/nav2:/home/ap432/ros2_ws/install/sensor:/home/ap432/ros2_ws/install/robot_description:/home/ap432/ros2_ws/install/multi_robot:/home/ap432/ros2_ws/install/gazebo_simulation:/home/ap432/ros2_ws/install/basics:/opt/ros/humble:${CMAKE_PREFIX_PATH} /usr/bin/cmake /home/ap432/Mart-Cart-Project/tiago_robot/tiago_controller_configuration -DAMENT_CMAKE_SYMLINK_INSTALL=1 -DCMAKE_INSTALL_PREFIX=/home/ap432/Mart-Cart-Project/install/tiago_controller_configuration
[0.801s] Invoking command in '/home/ap432/Mart-Cart-Project/build/tiago_controller_configuration': CMAKE_PREFIX_PATH=/home/ap432/ros2_ws/install/slam:/home/ap432/ros2_ws/install/nav2:/home/ap432/ros2_ws/install/sensor:/home/ap432/ros2_ws/install/robot_description:/home/ap432/ros2_ws/install/multi_robot:/home/ap432/ros2_ws/install/gazebo_simulation:/home/ap432/ros2_ws/install/basics:/opt/ros/humble:${CMAKE_PREFIX_PATH} /usr/bin/cmake --build /home/ap432/Mart-Cart-Project/build/tiago_controller_configuration -- -j22 -l22
[0.826s] Invoked command in '/home/ap432/Mart-Cart-Project/build/tiago_controller_configuration' returned '0': CMAKE_PREFIX_PATH=/home/ap432/ros2_ws/install/slam:/home/ap432/ros2_ws/install/nav2:/home/ap432/ros2_ws/install/sensor:/home/ap432/ros2_ws/install/robot_description:/home/ap432/ros2_ws/install/multi_robot:/home/ap432/ros2_ws/install/gazebo_simulation:/home/ap432/ros2_ws/install/basics:/opt/ros/humble:${CMAKE_PREFIX_PATH} /usr/bin/cmake --build /home/ap432/Mart-Cart-Project/build/tiago_controller_configuration -- -j22 -l22
[0.833s] Invoking command in '/home/ap432/Mart-Cart-Project/build/tiago_controller_configuration': CMAKE_PREFIX_PATH=/home/ap432/ros2_ws/install/slam:/home/ap432/ros2_ws/install/nav2:/home/ap432/ros2_ws/install/sensor:/home/ap432/ros2_ws/install/robot_description:/home/ap432/ros2_ws/install/multi_robot:/home/ap432/ros2_ws/install/gazebo_simulation:/home/ap432/ros2_ws/install/basics:/opt/ros/humble:${CMAKE_PREFIX_PATH} /usr/bin/cmake --install /home/ap432/Mart-Cart-Project/build/tiago_controller_configuration
[0.837s] -- Install configuration: ""
[0.837s] -- Execute custom install script
[0.838s] -- Symlinking: /home/ap432/Mart-Cart-Project/install/tiago_controller_configuration/share/tiago_controller_configuration/config/arm_controller.yaml
[0.844s] -- Symlinking: /home/ap432/Mart-Cart-Project/install/tiago_controller_configuration/share/tiago_controller_configuration/config/ft_sensor_controller.yaml
[0.850s] -- Symlinking: /home/ap432/Mart-Cart-Project/install/tiago_controller_configuration/share/tiago_controller_configuration/config/gravity_compensation_controller_ilm.yaml
[0.855s] -- Symlinking: /home/ap432/Mart-Cart-Project/install/tiago_controller_configuration/share/tiago_controller_configuration/config/gravity_compensation_controller_parker.yaml
[0.859s] -- Symlinking: /home/ap432/Mart-Cart-Project/install/tiago_controller_configuration/share/tiago_controller_configuration/config/head_controller.yaml
[0.865s] -- Symlinking: /home/ap432/Mart-Cart-Project/install/tiago_controller_configuration/share/tiago_controller_configuration/config/joint_state_broadcaster.yaml
[0.870s] -- Symlinking: /home/ap432/Mart-Cart-Project/install/tiago_controller_configuration/share/tiago_controller_configuration/config/torso_controller.yaml
[0.875s] -- Symlinking: /home/ap432/Mart-Cart-Project/install/tiago_controller_configuration/share/tiago_controller_configuration/launch/default_controllers.launch.py
[0.882s] -- Symlinking: /home/ap432/Mart-Cart-Project/install/tiago_controller_configuration/share/tiago_controller_configuration/launch/gravity_compensation_controller.launch.py
[0.888s] -- Symlinking: /home/ap432/Mart-Cart-Project/install/tiago_controller_configuration/share/ament_index/resource_index/package_run_dependencies/tiago_controller_configuration
[0.893s] -- Symlinking: /home/ap432/Mart-Cart-Project/install/tiago_controller_configuration/share/ament_index/resource_index/parent_prefix_path/tiago_controller_configuration
[0.898s] -- Symlinking: /home/ap432/Mart-Cart-Project/install/tiago_controller_configuration/share/tiago_controller_configuration/environment/ament_prefix_path.sh
[0.903s] -- Symlinking: /home/ap432/Mart-Cart-Project/install/tiago_controller_configuration/share/tiago_controller_configuration/environment/ament_prefix_path.dsv
[0.908s] -- Symlinking: /home/ap432/Mart-Cart-Project/install/tiago_controller_configuration/share/tiago_controller_configuration/environment/path.sh
[0.917s] -- Symlinking: /home/ap432/Mart-Cart-Project/install/tiago_controller_configuration/share/tiago_controller_configuration/environment/path.dsv
[0.922s] -- Symlinking: /home/ap432/Mart-Cart-Project/install/tiago_controller_configuration/share/tiago_controller_configuration/local_setup.bash
[0.927s] -- Symlinking: /home/ap432/Mart-Cart-Project/install/tiago_controller_configuration/share/tiago_controller_configuration/local_setup.sh
[0.933s] -- Symlinking: /home/ap432/Mart-Cart-Project/install/tiago_controller_configuration/share/tiago_controller_configuration/local_setup.zsh
[0.938s] -- Symlinking: /home/ap432/Mart-Cart-Project/install/tiago_controller_configuration/share/tiago_controller_configuration/local_setup.dsv
[0.943s] -- Symlinking: /home/ap432/Mart-Cart-Project/install/tiago_controller_configuration/share/tiago_controller_configuration/package.dsv
[0.949s] -- Symlinking: /home/ap432/Mart-Cart-Project/install/tiago_controller_configuration/share/ament_index/resource_index/packages/tiago_controller_configuration
[0.954s] -- Symlinking: /home/ap432/Mart-Cart-Project/install/tiago_controller_configuration/share/tiago_controller_configuration/cmake/tiago_controller_configurationConfig.cmake
[0.960s] -- Symlinking: /home/ap432/Mart-Cart-Project/install/tiago_controller_configuration/share/tiago_controller_configuration/cmake/tiago_controller_configurationConfig-version.cmake
[0.966s] -- Symlinking: /home/ap432/Mart-Cart-Project/install/tiago_controller_configuration/share/tiago_controller_configuration/package.xml
[0.972s] Invoked command in '/home/ap432/Mart-Cart-Project/build/tiago_controller_configuration' returned '0': CMAKE_PREFIX_PATH=/home/ap432/ros2_ws/install/slam:/home/ap432/ros2_ws/install/nav2:/home/ap432/ros2_ws/install/sensor:/home/ap432/ros2_ws/install/robot_description:/home/ap432/ros2_ws/install/multi_robot:/home/ap432/ros2_ws/install/gazebo_simulation:/home/ap432/ros2_ws/install/basics:/opt/ros/humble:${CMAKE_PREFIX_PATH} /usr/bin/cmake --install /home/ap432/Mart-Cart-Project/build/tiago_controller_configuration
