[0.091s] DEBUG:colcon:Command line arguments: ['/usr/bin/colcon', 'build', '--symlink-install']
[0.091s] DEBUG:colcon:Parsed command line arguments: Namespace(log_base=None, log_level=None, verb_name='build', build_base='build', install_base='install', merge_install=False, symlink_install=True, test_result_base=None, continue_on_error=False, executor='parallel', parallel_workers=22, event_handlers=None, ignore_user_meta=False, metas=['./colcon.meta'], base_paths=['.'], packages_ignore=None, packages_ignore_regex=None, paths=None, packages_up_to=None, packages_up_to_regex=None, packages_above=None, packages_above_and_dependencies=None, packages_above_depth=None, packages_select_by_dep=None, packages_skip_by_dep=None, packages_skip_up_to=None, packages_select_build_failed=False, packages_skip_build_finished=False, packages_select_test_failures=False, packages_skip_test_passed=False, packages_select=None, packages_skip=None, packages_select_regex=None, packages_skip_regex=None, packages_start=None, packages_end=None, allow_overriding=[], cmake_args=None, cmake_target=None, cmake_target_skip_unavailable=False, cmake_clean_cache=False, cmake_clean_first=False, cmake_force_configure=False, ament_cmake_args=None, catkin_cmake_args=None, catkin_skip_building_tests=False, mixin_files=None, mixin=None, verb_parser=<colcon_mixin.mixin.mixin_argument.MixinArgumentDecorator object at 0x7fc096734cd0>, verb_extension=<colcon_core.verb.build.BuildVerb object at 0x7fc0966aa3e0>, main=<bound method BuildVerb.main of <colcon_core.verb.build.BuildVerb object at 0x7fc0966aa3e0>>, mixin_verb=('build',))
[0.206s] Level 1:colcon.colcon_core.package_discovery:discover_packages(colcon_meta) check parameters
[0.206s] Level 1:colcon.colcon_core.package_discovery:discover_packages(recursive) check parameters
[0.206s] Level 1:colcon.colcon_core.package_discovery:discover_packages(ignore) check parameters
[0.206s] Level 1:colcon.colcon_core.package_discovery:discover_packages(path) check parameters
[0.206s] Level 1:colcon.colcon_core.package_discovery:discover_packages(colcon_meta) discover
[0.206s] Level 1:colcon.colcon_core.package_discovery:discover_packages(recursive) discover
[0.206s] INFO:colcon.colcon_core.package_discovery:Crawling recursively for packages in '/home/ap432/Mart-Cart-Project'
[0.206s] Level 1:colcon.colcon_core.package_identification:_identify(.) by extensions ['ignore', 'ignore_ament_install']
[0.206s] Level 1:colcon.colcon_core.package_identification:_identify(.) by extension 'ignore'
[0.206s] Level 1:colcon.colcon_core.package_identification:_identify(.) by extension 'ignore_ament_install'
[0.206s] Level 1:colcon.colcon_core.package_identification:_identify(.) by extensions ['colcon_pkg']
[0.206s] Level 1:colcon.colcon_core.package_identification:_identify(.) by extension 'colcon_pkg'
[0.206s] Level 1:colcon.colcon_core.package_identification:_identify(.) by extensions ['colcon_meta']
[0.206s] Level 1:colcon.colcon_core.package_identification:_identify(.) by extension 'colcon_meta'
[0.207s] Level 1:colcon.colcon_core.package_identification:_identify(.) by extensions ['ros']
[0.207s] Level 1:colcon.colcon_core.package_identification:_identify(.) by extension 'ros'
[0.213s] Level 1:colcon.colcon_core.package_identification:_identify(.) by extensions ['cmake', 'python']
[0.213s] Level 1:colcon.colcon_core.package_identification:_identify(.) by extension 'cmake'
[0.213s] Level 1:colcon.colcon_core.package_identification:_identify(.) by extension 'python'
[0.213s] Level 1:colcon.colcon_core.package_identification:_identify(.) by extensions ['python_setup_py']
[0.213s] Level 1:colcon.colcon_core.package_identification:_identify(.) by extension 'python_setup_py'
[0.213s] Level 1:colcon.colcon_core.package_identification:_identify(build) by extensions ['ignore', 'ignore_ament_install']
[0.213s] Level 1:colcon.colcon_core.package_identification:_identify(build) by extension 'ignore'
[0.213s] Level 1:colcon.colcon_core.package_identification:_identify(build) ignored
[0.214s] Level 1:colcon.colcon_core.package_identification:_identify(install) by extensions ['ignore', 'ignore_ament_install']
[0.214s] Level 1:colcon.colcon_core.package_identification:_identify(install) by extension 'ignore'
[0.214s] Level 1:colcon.colcon_core.package_identification:_identify(install) ignored
[0.214s] Level 1:colcon.colcon_core.package_identification:_identify(log) by extensions ['ignore', 'ignore_ament_install']
[0.214s] Level 1:colcon.colcon_core.package_identification:_identify(log) by extension 'ignore'
[0.214s] Level 1:colcon.colcon_core.package_identification:_identify(log) ignored
[0.214s] Level 1:colcon.colcon_core.package_identification:_identify(tiago_robot) by extensions ['ignore', 'ignore_ament_install']
[0.214s] Level 1:colcon.colcon_core.package_identification:_identify(tiago_robot) by extension 'ignore'
[0.214s] Level 1:colcon.colcon_core.package_identification:_identify(tiago_robot) by extension 'ignore_ament_install'
[0.214s] Level 1:colcon.colcon_core.package_identification:_identify(tiago_robot) by extensions ['colcon_pkg']
[0.214s] Level 1:colcon.colcon_core.package_identification:_identify(tiago_robot) by extension 'colcon_pkg'
[0.214s] Level 1:colcon.colcon_core.package_identification:_identify(tiago_robot) by extensions ['colcon_meta']
[0.214s] Level 1:colcon.colcon_core.package_identification:_identify(tiago_robot) by extension 'colcon_meta'
[0.214s] Level 1:colcon.colcon_core.package_identification:_identify(tiago_robot) by extensions ['ros']
[0.214s] Level 1:colcon.colcon_core.package_identification:_identify(tiago_robot) by extension 'ros'
[0.214s] Level 1:colcon.colcon_core.package_identification:_identify(tiago_robot) by extensions ['cmake', 'python']
[0.214s] Level 1:colcon.colcon_core.package_identification:_identify(tiago_robot) by extension 'cmake'
[0.214s] Level 1:colcon.colcon_core.package_identification:_identify(tiago_robot) by extension 'python'
[0.214s] Level 1:colcon.colcon_core.package_identification:_identify(tiago_robot) by extensions ['python_setup_py']
[0.214s] Level 1:colcon.colcon_core.package_identification:_identify(tiago_robot) by extension 'python_setup_py'
[0.214s] Level 1:colcon.colcon_core.package_identification:_identify(tiago_robot/tiago_bringup) by extensions ['ignore', 'ignore_ament_install']
[0.214s] Level 1:colcon.colcon_core.package_identification:_identify(tiago_robot/tiago_bringup) by extension 'ignore'
[0.214s] Level 1:colcon.colcon_core.package_identification:_identify(tiago_robot/tiago_bringup) by extension 'ignore_ament_install'
[0.215s] Level 1:colcon.colcon_core.package_identification:_identify(tiago_robot/tiago_bringup) by extensions ['colcon_pkg']
[0.215s] Level 1:colcon.colcon_core.package_identification:_identify(tiago_robot/tiago_bringup) by extension 'colcon_pkg'
[0.215s] Level 1:colcon.colcon_core.package_identification:_identify(tiago_robot/tiago_bringup) by extensions ['colcon_meta']
[0.215s] Level 1:colcon.colcon_core.package_identification:_identify(tiago_robot/tiago_bringup) by extension 'colcon_meta'
[0.215s] Level 1:colcon.colcon_core.package_identification:_identify(tiago_robot/tiago_bringup) by extensions ['ros']
[0.215s] Level 1:colcon.colcon_core.package_identification:_identify(tiago_robot/tiago_bringup) by extension 'ros'
[0.224s] DEBUG:colcon.colcon_core.package_identification:Package 'tiago_robot/tiago_bringup' with type 'ros.ament_cmake' and name 'tiago_bringup'
[0.224s] Level 1:colcon.colcon_core.package_identification:_identify(tiago_robot/tiago_controller_configuration) by extensions ['ignore', 'ignore_ament_install']
[0.224s] Level 1:colcon.colcon_core.package_identification:_identify(tiago_robot/tiago_controller_configuration) by extension 'ignore'
[0.224s] Level 1:colcon.colcon_core.package_identification:_identify(tiago_robot/tiago_controller_configuration) by extension 'ignore_ament_install'
[0.224s] Level 1:colcon.colcon_core.package_identification:_identify(tiago_robot/tiago_controller_configuration) by extensions ['colcon_pkg']
[0.224s] Level 1:colcon.colcon_core.package_identification:_identify(tiago_robot/tiago_controller_configuration) by extension 'colcon_pkg'
[0.224s] Level 1:colcon.colcon_core.package_identification:_identify(tiago_robot/tiago_controller_configuration) by extensions ['colcon_meta']
[0.224s] Level 1:colcon.colcon_core.package_identification:_identify(tiago_robot/tiago_controller_configuration) by extension 'colcon_meta'
[0.224s] Level 1:colcon.colcon_core.package_identification:_identify(tiago_robot/tiago_controller_configuration) by extensions ['ros']
[0.224s] Level 1:colcon.colcon_core.package_identification:_identify(tiago_robot/tiago_controller_configuration) by extension 'ros'
[0.225s] DEBUG:colcon.colcon_core.package_identification:Package 'tiago_robot/tiago_controller_configuration' with type 'ros.ament_cmake' and name 'tiago_controller_configuration'
[0.225s] Level 1:colcon.colcon_core.package_identification:_identify(tiago_robot/tiago_description) by extensions ['ignore', 'ignore_ament_install']
[0.226s] Level 1:colcon.colcon_core.package_identification:_identify(tiago_robot/tiago_description) by extension 'ignore'
[0.226s] Level 1:colcon.colcon_core.package_identification:_identify(tiago_robot/tiago_description) by extension 'ignore_ament_install'
[0.226s] Level 1:colcon.colcon_core.package_identification:_identify(tiago_robot/tiago_description) by extensions ['colcon_pkg']
[0.226s] Level 1:colcon.colcon_core.package_identification:_identify(tiago_robot/tiago_description) by extension 'colcon_pkg'
[0.226s] Level 1:colcon.colcon_core.package_identification:_identify(tiago_robot/tiago_description) by extensions ['colcon_meta']
[0.226s] Level 1:colcon.colcon_core.package_identification:_identify(tiago_robot/tiago_description) by extension 'colcon_meta'
[0.226s] Level 1:colcon.colcon_core.package_identification:_identify(tiago_robot/tiago_description) by extensions ['ros']
[0.226s] Level 1:colcon.colcon_core.package_identification:_identify(tiago_robot/tiago_description) by extension 'ros'
[0.226s] DEBUG:colcon.colcon_core.package_identification:Package 'tiago_robot/tiago_description' with type 'ros.ament_cmake' and name 'tiago_description'
[0.226s] Level 1:colcon.colcon_core.package_identification:_identify(tiago_robot/tiago_robot) by extensions ['ignore', 'ignore_ament_install']
[0.227s] Level 1:colcon.colcon_core.package_identification:_identify(tiago_robot/tiago_robot) by extension 'ignore'
[0.227s] Level 1:colcon.colcon_core.package_identification:_identify(tiago_robot/tiago_robot) by extension 'ignore_ament_install'
[0.227s] Level 1:colcon.colcon_core.package_identification:_identify(tiago_robot/tiago_robot) by extensions ['colcon_pkg']
[0.227s] Level 1:colcon.colcon_core.package_identification:_identify(tiago_robot/tiago_robot) by extension 'colcon_pkg'
[0.227s] Level 1:colcon.colcon_core.package_identification:_identify(tiago_robot/tiago_robot) by extensions ['colcon_meta']
[0.227s] Level 1:colcon.colcon_core.package_identification:_identify(tiago_robot/tiago_robot) by extension 'colcon_meta'
[0.227s] Level 1:colcon.colcon_core.package_identification:_identify(tiago_robot/tiago_robot) by extensions ['ros']
[0.227s] Level 1:colcon.colcon_core.package_identification:_identify(tiago_robot/tiago_robot) by extension 'ros'
[0.227s] DEBUG:colcon.colcon_core.package_identification:Package 'tiago_robot/tiago_robot' with type 'ros.ament_cmake' and name 'tiago_robot'
[0.227s] Level 1:colcon.colcon_core.package_identification:_identify(tiago_simulation) by extensions ['ignore', 'ignore_ament_install']
[0.227s] Level 1:colcon.colcon_core.package_identification:_identify(tiago_simulation) by extension 'ignore'
[0.227s] Level 1:colcon.colcon_core.package_identification:_identify(tiago_simulation) by extension 'ignore_ament_install'
[0.227s] Level 1:colcon.colcon_core.package_identification:_identify(tiago_simulation) by extensions ['colcon_pkg']
[0.227s] Level 1:colcon.colcon_core.package_identification:_identify(tiago_simulation) by extension 'colcon_pkg'
[0.227s] Level 1:colcon.colcon_core.package_identification:_identify(tiago_simulation) by extensions ['colcon_meta']
[0.227s] Level 1:colcon.colcon_core.package_identification:_identify(tiago_simulation) by extension 'colcon_meta'
[0.227s] Level 1:colcon.colcon_core.package_identification:_identify(tiago_simulation) by extensions ['ros']
[0.227s] Level 1:colcon.colcon_core.package_identification:_identify(tiago_simulation) by extension 'ros'
[0.227s] Level 1:colcon.colcon_core.package_identification:_identify(tiago_simulation) by extensions ['cmake', 'python']
[0.227s] Level 1:colcon.colcon_core.package_identification:_identify(tiago_simulation) by extension 'cmake'
[0.227s] Level 1:colcon.colcon_core.package_identification:_identify(tiago_simulation) by extension 'python'
[0.227s] Level 1:colcon.colcon_core.package_identification:_identify(tiago_simulation) by extensions ['python_setup_py']
[0.228s] Level 1:colcon.colcon_core.package_identification:_identify(tiago_simulation) by extension 'python_setup_py'
[0.228s] Level 1:colcon.colcon_core.package_identification:_identify(tiago_simulation/doc) by extensions ['ignore', 'ignore_ament_install']
[0.228s] Level 1:colcon.colcon_core.package_identification:_identify(tiago_simulation/doc) by extension 'ignore'
[0.228s] Level 1:colcon.colcon_core.package_identification:_identify(tiago_simulation/doc) by extension 'ignore_ament_install'
[0.228s] Level 1:colcon.colcon_core.package_identification:_identify(tiago_simulation/doc) by extensions ['colcon_pkg']
[0.228s] Level 1:colcon.colcon_core.package_identification:_identify(tiago_simulation/doc) by extension 'colcon_pkg'
[0.228s] Level 1:colcon.colcon_core.package_identification:_identify(tiago_simulation/doc) by extensions ['colcon_meta']
[0.228s] Level 1:colcon.colcon_core.package_identification:_identify(tiago_simulation/doc) by extension 'colcon_meta'
[0.228s] Level 1:colcon.colcon_core.package_identification:_identify(tiago_simulation/doc) by extensions ['ros']
[0.228s] Level 1:colcon.colcon_core.package_identification:_identify(tiago_simulation/doc) by extension 'ros'
[0.228s] Level 1:colcon.colcon_core.package_identification:_identify(tiago_simulation/doc) by extensions ['cmake', 'python']
[0.228s] Level 1:colcon.colcon_core.package_identification:_identify(tiago_simulation/doc) by extension 'cmake'
[0.228s] Level 1:colcon.colcon_core.package_identification:_identify(tiago_simulation/doc) by extension 'python'
[0.228s] Level 1:colcon.colcon_core.package_identification:_identify(tiago_simulation/doc) by extensions ['python_setup_py']
[0.228s] Level 1:colcon.colcon_core.package_identification:_identify(tiago_simulation/doc) by extension 'python_setup_py'
[0.228s] Level 1:colcon.colcon_core.package_identification:_identify(tiago_simulation/doc/media) by extensions ['ignore', 'ignore_ament_install']
[0.228s] Level 1:colcon.colcon_core.package_identification:_identify(tiago_simulation/doc/media) by extension 'ignore'
[0.228s] Level 1:colcon.colcon_core.package_identification:_identify(tiago_simulation/doc/media) by extension 'ignore_ament_install'
[0.228s] Level 1:colcon.colcon_core.package_identification:_identify(tiago_simulation/doc/media) by extensions ['colcon_pkg']
[0.228s] Level 1:colcon.colcon_core.package_identification:_identify(tiago_simulation/doc/media) by extension 'colcon_pkg'
[0.228s] Level 1:colcon.colcon_core.package_identification:_identify(tiago_simulation/doc/media) by extensions ['colcon_meta']
[0.228s] Level 1:colcon.colcon_core.package_identification:_identify(tiago_simulation/doc/media) by extension 'colcon_meta'
[0.228s] Level 1:colcon.colcon_core.package_identification:_identify(tiago_simulation/doc/media) by extensions ['ros']
[0.228s] Level 1:colcon.colcon_core.package_identification:_identify(tiago_simulation/doc/media) by extension 'ros'
[0.228s] Level 1:colcon.colcon_core.package_identification:_identify(tiago_simulation/doc/media) by extensions ['cmake', 'python']
[0.228s] Level 1:colcon.colcon_core.package_identification:_identify(tiago_simulation/doc/media) by extension 'cmake'
[0.228s] Level 1:colcon.colcon_core.package_identification:_identify(tiago_simulation/doc/media) by extension 'python'
[0.228s] Level 1:colcon.colcon_core.package_identification:_identify(tiago_simulation/doc/media) by extensions ['python_setup_py']
[0.228s] Level 1:colcon.colcon_core.package_identification:_identify(tiago_simulation/doc/media) by extension 'python_setup_py'
[0.229s] Level 1:colcon.colcon_core.package_identification:_identify(tiago_simulation/tiago_gazebo) by extensions ['ignore', 'ignore_ament_install']
[0.229s] Level 1:colcon.colcon_core.package_identification:_identify(tiago_simulation/tiago_gazebo) by extension 'ignore'
[0.229s] Level 1:colcon.colcon_core.package_identification:_identify(tiago_simulation/tiago_gazebo) by extension 'ignore_ament_install'
[0.229s] Level 1:colcon.colcon_core.package_identification:_identify(tiago_simulation/tiago_gazebo) by extensions ['colcon_pkg']
[0.229s] Level 1:colcon.colcon_core.package_identification:_identify(tiago_simulation/tiago_gazebo) by extension 'colcon_pkg'
[0.229s] Level 1:colcon.colcon_core.package_identification:_identify(tiago_simulation/tiago_gazebo) by extensions ['colcon_meta']
[0.229s] Level 1:colcon.colcon_core.package_identification:_identify(tiago_simulation/tiago_gazebo) by extension 'colcon_meta'
[0.229s] Level 1:colcon.colcon_core.package_identification:_identify(tiago_simulation/tiago_gazebo) by extensions ['ros']
[0.229s] Level 1:colcon.colcon_core.package_identification:_identify(tiago_simulation/tiago_gazebo) by extension 'ros'
[0.230s] DEBUG:colcon.colcon_core.package_identification:Package 'tiago_simulation/tiago_gazebo' with type 'ros.ament_cmake' and name 'tiago_gazebo'
[0.230s] Level 1:colcon.colcon_core.package_identification:_identify(tiago_simulation/tiago_multi) by extensions ['ignore', 'ignore_ament_install']
[0.230s] Level 1:colcon.colcon_core.package_identification:_identify(tiago_simulation/tiago_multi) by extension 'ignore'
[0.230s] Level 1:colcon.colcon_core.package_identification:_identify(tiago_simulation/tiago_multi) ignored
[0.230s] Level 1:colcon.colcon_core.package_identification:_identify(tiago_simulation/tiago_simulation) by extensions ['ignore', 'ignore_ament_install']
[0.230s] Level 1:colcon.colcon_core.package_identification:_identify(tiago_simulation/tiago_simulation) by extension 'ignore'
[0.230s] Level 1:colcon.colcon_core.package_identification:_identify(tiago_simulation/tiago_simulation) by extension 'ignore_ament_install'
[0.230s] Level 1:colcon.colcon_core.package_identification:_identify(tiago_simulation/tiago_simulation) by extensions ['colcon_pkg']
[0.230s] Level 1:colcon.colcon_core.package_identification:_identify(tiago_simulation/tiago_simulation) by extension 'colcon_pkg'
[0.230s] Level 1:colcon.colcon_core.package_identification:_identify(tiago_simulation/tiago_simulation) by extensions ['colcon_meta']
[0.230s] Level 1:colcon.colcon_core.package_identification:_identify(tiago_simulation/tiago_simulation) by extension 'colcon_meta'
[0.230s] Level 1:colcon.colcon_core.package_identification:_identify(tiago_simulation/tiago_simulation) by extensions ['ros']
[0.230s] Level 1:colcon.colcon_core.package_identification:_identify(tiago_simulation/tiago_simulation) by extension 'ros'
[0.230s] DEBUG:colcon.colcon_core.package_identification:Package 'tiago_simulation/tiago_simulation' with type 'ros.ament_cmake' and name 'tiago_simulation'
[0.231s] Level 1:colcon.colcon_core.package_discovery:discover_packages(recursive) using defaults
[0.231s] Level 1:colcon.colcon_core.package_discovery:discover_packages(ignore) discover
[0.231s] Level 1:colcon.colcon_core.package_discovery:discover_packages(ignore) using defaults
[0.231s] Level 1:colcon.colcon_core.package_discovery:discover_packages(path) discover
[0.231s] Level 1:colcon.colcon_core.package_discovery:discover_packages(path) using defaults
[0.246s] Level 1:colcon.colcon_core.package_discovery:discover_packages(prefix_path) check parameters
[0.246s] Level 1:colcon.colcon_core.package_discovery:discover_packages(prefix_path) discover
[0.248s] DEBUG:colcon.colcon_installed_package_information.package_discovery:Found 19 installed packages in /home/ap432/ros2_ws/install
[0.249s] DEBUG:colcon.colcon_installed_package_information.package_discovery:Found 437 installed packages in /opt/ros/humble
[0.250s] Level 1:colcon.colcon_core.package_discovery:discover_packages(prefix_path) using defaults
[0.283s] Level 5:colcon.colcon_core.verb:set package 'tiago_controller_configuration' build argument 'cmake_args' from command line to 'None'
[0.284s] Level 5:colcon.colcon_core.verb:set package 'tiago_controller_configuration' build argument 'cmake_target' from command line to 'None'
[0.284s] Level 5:colcon.colcon_core.verb:set package 'tiago_controller_configuration' build argument 'cmake_target_skip_unavailable' from command line to 'False'
[0.284s] Level 5:colcon.colcon_core.verb:set package 'tiago_controller_configuration' build argument 'cmake_clean_cache' from command line to 'False'
[0.284s] Level 5:colcon.colcon_core.verb:set package 'tiago_controller_configuration' build argument 'cmake_clean_first' from command line to 'False'
[0.284s] Level 5:colcon.colcon_core.verb:set package 'tiago_controller_configuration' build argument 'cmake_force_configure' from command line to 'False'
[0.284s] Level 5:colcon.colcon_core.verb:set package 'tiago_controller_configuration' build argument 'ament_cmake_args' from command line to 'None'
[0.284s] Level 5:colcon.colcon_core.verb:set package 'tiago_controller_configuration' build argument 'catkin_cmake_args' from command line to 'None'
[0.284s] Level 5:colcon.colcon_core.verb:set package 'tiago_controller_configuration' build argument 'catkin_skip_building_tests' from command line to 'False'
[0.284s] DEBUG:colcon.colcon_core.verb:Building package 'tiago_controller_configuration' with the following arguments: {'ament_cmake_args': None, 'build_base': '/home/ap432/Mart-Cart-Project/build/tiago_controller_configuration', 'catkin_cmake_args': None, 'catkin_skip_building_tests': False, 'cmake_args': None, 'cmake_clean_cache': False, 'cmake_clean_first': False, 'cmake_force_configure': False, 'cmake_target': None, 'cmake_target_skip_unavailable': False, 'install_base': '/home/ap432/Mart-Cart-Project/install/tiago_controller_configuration', 'merge_install': False, 'path': '/home/ap432/Mart-Cart-Project/tiago_robot/tiago_controller_configuration', 'symlink_install': True, 'test_result_base': None}
[0.284s] Level 5:colcon.colcon_core.verb:set package 'tiago_description' build argument 'cmake_args' from command line to 'None'
[0.284s] Level 5:colcon.colcon_core.verb:set package 'tiago_description' build argument 'cmake_target' from command line to 'None'
[0.284s] Level 5:colcon.colcon_core.verb:set package 'tiago_description' build argument 'cmake_target_skip_unavailable' from command line to 'False'
[0.284s] Level 5:colcon.colcon_core.verb:set package 'tiago_description' build argument 'cmake_clean_cache' from command line to 'False'
[0.284s] Level 5:colcon.colcon_core.verb:set package 'tiago_description' build argument 'cmake_clean_first' from command line to 'False'
[0.284s] Level 5:colcon.colcon_core.verb:set package 'tiago_description' build argument 'cmake_force_configure' from command line to 'False'
[0.284s] Level 5:colcon.colcon_core.verb:set package 'tiago_description' build argument 'ament_cmake_args' from command line to 'None'
[0.284s] Level 5:colcon.colcon_core.verb:set package 'tiago_description' build argument 'catkin_cmake_args' from command line to 'None'
[0.284s] Level 5:colcon.colcon_core.verb:set package 'tiago_description' build argument 'catkin_skip_building_tests' from command line to 'False'
[0.284s] DEBUG:colcon.colcon_core.verb:Building package 'tiago_description' with the following arguments: {'ament_cmake_args': None, 'build_base': '/home/ap432/Mart-Cart-Project/build/tiago_description', 'catkin_cmake_args': None, 'catkin_skip_building_tests': False, 'cmake_args': None, 'cmake_clean_cache': False, 'cmake_clean_first': False, 'cmake_force_configure': False, 'cmake_target': None, 'cmake_target_skip_unavailable': False, 'install_base': '/home/ap432/Mart-Cart-Project/install/tiago_description', 'merge_install': False, 'path': '/home/ap432/Mart-Cart-Project/tiago_robot/tiago_description', 'symlink_install': True, 'test_result_base': None}
[0.284s] Level 5:colcon.colcon_core.verb:set package 'tiago_bringup' build argument 'cmake_args' from command line to 'None'
[0.284s] Level 5:colcon.colcon_core.verb:set package 'tiago_bringup' build argument 'cmake_target' from command line to 'None'
[0.284s] Level 5:colcon.colcon_core.verb:set package 'tiago_bringup' build argument 'cmake_target_skip_unavailable' from command line to 'False'
[0.284s] Level 5:colcon.colcon_core.verb:set package 'tiago_bringup' build argument 'cmake_clean_cache' from command line to 'False'
[0.284s] Level 5:colcon.colcon_core.verb:set package 'tiago_bringup' build argument 'cmake_clean_first' from command line to 'False'
[0.284s] Level 5:colcon.colcon_core.verb:set package 'tiago_bringup' build argument 'cmake_force_configure' from command line to 'False'
[0.284s] Level 5:colcon.colcon_core.verb:set package 'tiago_bringup' build argument 'ament_cmake_args' from command line to 'None'
[0.284s] Level 5:colcon.colcon_core.verb:set package 'tiago_bringup' build argument 'catkin_cmake_args' from command line to 'None'
[0.284s] Level 5:colcon.colcon_core.verb:set package 'tiago_bringup' build argument 'catkin_skip_building_tests' from command line to 'False'
[0.284s] DEBUG:colcon.colcon_core.verb:Building package 'tiago_bringup' with the following arguments: {'ament_cmake_args': None, 'build_base': '/home/ap432/Mart-Cart-Project/build/tiago_bringup', 'catkin_cmake_args': None, 'catkin_skip_building_tests': False, 'cmake_args': None, 'cmake_clean_cache': False, 'cmake_clean_first': False, 'cmake_force_configure': False, 'cmake_target': None, 'cmake_target_skip_unavailable': False, 'install_base': '/home/ap432/Mart-Cart-Project/install/tiago_bringup', 'merge_install': False, 'path': '/home/ap432/Mart-Cart-Project/tiago_robot/tiago_bringup', 'symlink_install': True, 'test_result_base': None}
[0.285s] Level 5:colcon.colcon_core.verb:set package 'tiago_gazebo' build argument 'cmake_args' from command line to 'None'
[0.285s] Level 5:colcon.colcon_core.verb:set package 'tiago_gazebo' build argument 'cmake_target' from command line to 'None'
[0.285s] Level 5:colcon.colcon_core.verb:set package 'tiago_gazebo' build argument 'cmake_target_skip_unavailable' from command line to 'False'
[0.285s] Level 5:colcon.colcon_core.verb:set package 'tiago_gazebo' build argument 'cmake_clean_cache' from command line to 'False'
[0.285s] Level 5:colcon.colcon_core.verb:set package 'tiago_gazebo' build argument 'cmake_clean_first' from command line to 'False'
[0.285s] Level 5:colcon.colcon_core.verb:set package 'tiago_gazebo' build argument 'cmake_force_configure' from command line to 'False'
[0.285s] Level 5:colcon.colcon_core.verb:set package 'tiago_gazebo' build argument 'ament_cmake_args' from command line to 'None'
[0.285s] Level 5:colcon.colcon_core.verb:set package 'tiago_gazebo' build argument 'catkin_cmake_args' from command line to 'None'
[0.285s] Level 5:colcon.colcon_core.verb:set package 'tiago_gazebo' build argument 'catkin_skip_building_tests' from command line to 'False'
[0.285s] DEBUG:colcon.colcon_core.verb:Building package 'tiago_gazebo' with the following arguments: {'ament_cmake_args': None, 'build_base': '/home/ap432/Mart-Cart-Project/build/tiago_gazebo', 'catkin_cmake_args': None, 'catkin_skip_building_tests': False, 'cmake_args': None, 'cmake_clean_cache': False, 'cmake_clean_first': False, 'cmake_force_configure': False, 'cmake_target': None, 'cmake_target_skip_unavailable': False, 'install_base': '/home/ap432/Mart-Cart-Project/install/tiago_gazebo', 'merge_install': False, 'path': '/home/ap432/Mart-Cart-Project/tiago_simulation/tiago_gazebo', 'symlink_install': True, 'test_result_base': None}
[0.285s] Level 5:colcon.colcon_core.verb:set package 'tiago_robot' build argument 'cmake_args' from command line to 'None'
[0.285s] Level 5:colcon.colcon_core.verb:set package 'tiago_robot' build argument 'cmake_target' from command line to 'None'
[0.285s] Level 5:colcon.colcon_core.verb:set package 'tiago_robot' build argument 'cmake_target_skip_unavailable' from command line to 'False'
[0.285s] Level 5:colcon.colcon_core.verb:set package 'tiago_robot' build argument 'cmake_clean_cache' from command line to 'False'
[0.285s] Level 5:colcon.colcon_core.verb:set package 'tiago_robot' build argument 'cmake_clean_first' from command line to 'False'
[0.285s] Level 5:colcon.colcon_core.verb:set package 'tiago_robot' build argument 'cmake_force_configure' from command line to 'False'
[0.285s] Level 5:colcon.colcon_core.verb:set package 'tiago_robot' build argument 'ament_cmake_args' from command line to 'None'
[0.285s] Level 5:colcon.colcon_core.verb:set package 'tiago_robot' build argument 'catkin_cmake_args' from command line to 'None'
[0.285s] Level 5:colcon.colcon_core.verb:set package 'tiago_robot' build argument 'catkin_skip_building_tests' from command line to 'False'
[0.285s] DEBUG:colcon.colcon_core.verb:Building package 'tiago_robot' with the following arguments: {'ament_cmake_args': None, 'build_base': '/home/ap432/Mart-Cart-Project/build/tiago_robot', 'catkin_cmake_args': None, 'catkin_skip_building_tests': False, 'cmake_args': None, 'cmake_clean_cache': False, 'cmake_clean_first': False, 'cmake_force_configure': False, 'cmake_target': None, 'cmake_target_skip_unavailable': False, 'install_base': '/home/ap432/Mart-Cart-Project/install/tiago_robot', 'merge_install': False, 'path': '/home/ap432/Mart-Cart-Project/tiago_robot/tiago_robot', 'symlink_install': True, 'test_result_base': None}
[0.285s] Level 5:colcon.colcon_core.verb:set package 'tiago_simulation' build argument 'cmake_args' from command line to 'None'
[0.285s] Level 5:colcon.colcon_core.verb:set package 'tiago_simulation' build argument 'cmake_target' from command line to 'None'
[0.285s] Level 5:colcon.colcon_core.verb:set package 'tiago_simulation' build argument 'cmake_target_skip_unavailable' from command line to 'False'
[0.285s] Level 5:colcon.colcon_core.verb:set package 'tiago_simulation' build argument 'cmake_clean_cache' from command line to 'False'
[0.286s] Level 5:colcon.colcon_core.verb:set package 'tiago_simulation' build argument 'cmake_clean_first' from command line to 'False'
[0.286s] Level 5:colcon.colcon_core.verb:set package 'tiago_simulation' build argument 'cmake_force_configure' from command line to 'False'
[0.286s] Level 5:colcon.colcon_core.verb:set package 'tiago_simulation' build argument 'ament_cmake_args' from command line to 'None'
[0.286s] Level 5:colcon.colcon_core.verb:set package 'tiago_simulation' build argument 'catkin_cmake_args' from command line to 'None'
[0.286s] Level 5:colcon.colcon_core.verb:set package 'tiago_simulation' build argument 'catkin_skip_building_tests' from command line to 'False'
[0.286s] DEBUG:colcon.colcon_core.verb:Building package 'tiago_simulation' with the following arguments: {'ament_cmake_args': None, 'build_base': '/home/ap432/Mart-Cart-Project/build/tiago_simulation', 'catkin_cmake_args': None, 'catkin_skip_building_tests': False, 'cmake_args': None, 'cmake_clean_cache': False, 'cmake_clean_first': False, 'cmake_force_configure': False, 'cmake_target': None, 'cmake_target_skip_unavailable': False, 'install_base': '/home/ap432/Mart-Cart-Project/install/tiago_simulation', 'merge_install': False, 'path': '/home/ap432/Mart-Cart-Project/tiago_simulation/tiago_simulation', 'symlink_install': True, 'test_result_base': None}
[0.286s] INFO:colcon.colcon_core.executor:Executing jobs using 'parallel' executor
[0.287s] DEBUG:colcon.colcon_parallel_executor.executor.parallel:run_until_complete
[0.288s] INFO:colcon.colcon_ros.task.ament_cmake.build:Building ROS package in '/home/ap432/Mart-Cart-Project/tiago_robot/tiago_controller_configuration' with build type 'ament_cmake'
[0.288s] INFO:colcon.colcon_cmake.task.cmake.build:Building CMake package in '/home/ap432/Mart-Cart-Project/tiago_robot/tiago_controller_configuration'
[0.289s] INFO:colcon.colcon_core.plugin_system:Skipping extension 'colcon_core.shell.bat': Not used on non-Windows systems
[0.289s] INFO:colcon.colcon_core.shell:Skip shell extension 'powershell' for command environment: Not usable outside of PowerShell
[0.289s] DEBUG:colcon.colcon_core.shell:Skip shell extension 'dsv' for command environment
[0.295s] INFO:colcon.colcon_ros.task.ament_cmake.build:Building ROS package in '/home/ap432/Mart-Cart-Project/tiago_robot/tiago_description' with build type 'ament_cmake'
[0.302s] INFO:colcon.colcon_cmake.task.cmake.build:Building CMake package in '/home/ap432/Mart-Cart-Project/tiago_robot/tiago_description'
[0.302s] INFO:colcon.colcon_core.shell:Skip shell extension 'powershell' for command environment: Not usable outside of PowerShell
[0.302s] DEBUG:colcon.colcon_core.shell:Skip shell extension 'dsv' for command environment
[0.313s] DEBUG:colcon.colcon_core.event_handler.log_command:Invoking command in '/home/ap432/Mart-Cart-Project/build/tiago_controller_configuration': CMAKE_PREFIX_PATH=/home/ap432/ros2_ws/install/slam:/home/ap432/ros2_ws/install/nav2:/home/ap432/ros2_ws/install/sensor:/home/ap432/ros2_ws/install/robot_description:/home/ap432/ros2_ws/install/multi_robot:/home/ap432/ros2_ws/install/gazebo_simulation:/home/ap432/ros2_ws/install/basics:/opt/ros/humble:${CMAKE_PREFIX_PATH} /usr/bin/cmake --build /home/ap432/Mart-Cart-Project/build/tiago_controller_configuration -- -j22 -l22
[0.326s] DEBUG:colcon.colcon_core.event_handler.log_command:Invoking command in '/home/ap432/Mart-Cart-Project/build/tiago_description': CMAKE_PREFIX_PATH=/home/ap432/ros2_ws/install/slam:/home/ap432/ros2_ws/install/nav2:/home/ap432/ros2_ws/install/sensor:/home/ap432/ros2_ws/install/robot_description:/home/ap432/ros2_ws/install/multi_robot:/home/ap432/ros2_ws/install/gazebo_simulation:/home/ap432/ros2_ws/install/basics:/opt/ros/humble:${CMAKE_PREFIX_PATH} /usr/bin/cmake --build /home/ap432/Mart-Cart-Project/build/tiago_description -- -j22 -l22
[0.357s] DEBUG:colcon.colcon_core.event_handler.log_command:Invoked command in '/home/ap432/Mart-Cart-Project/build/tiago_controller_configuration' returned '0': CMAKE_PREFIX_PATH=/home/ap432/ros2_ws/install/slam:/home/ap432/ros2_ws/install/nav2:/home/ap432/ros2_ws/install/sensor:/home/ap432/ros2_ws/install/robot_description:/home/ap432/ros2_ws/install/multi_robot:/home/ap432/ros2_ws/install/gazebo_simulation:/home/ap432/ros2_ws/install/basics:/opt/ros/humble:${CMAKE_PREFIX_PATH} /usr/bin/cmake --build /home/ap432/Mart-Cart-Project/build/tiago_controller_configuration -- -j22 -l22
[0.362s] DEBUG:colcon.colcon_core.event_handler.log_command:Invoking command in '/home/ap432/Mart-Cart-Project/build/tiago_controller_configuration': CMAKE_PREFIX_PATH=/home/ap432/ros2_ws/install/slam:/home/ap432/ros2_ws/install/nav2:/home/ap432/ros2_ws/install/sensor:/home/ap432/ros2_ws/install/robot_description:/home/ap432/ros2_ws/install/multi_robot:/home/ap432/ros2_ws/install/gazebo_simulation:/home/ap432/ros2_ws/install/basics:/opt/ros/humble:${CMAKE_PREFIX_PATH} /usr/bin/cmake --install /home/ap432/Mart-Cart-Project/build/tiago_controller_configuration
[0.378s] Level 1:colcon.colcon_core.environment:create_environment_scripts_only(tiago_controller_configuration)
[0.379s] DEBUG:colcon.colcon_core.event_handler.log_command:Invoked command in '/home/ap432/Mart-Cart-Project/build/tiago_controller_configuration' returned '0': CMAKE_PREFIX_PATH=/home/ap432/ros2_ws/install/slam:/home/ap432/ros2_ws/install/nav2:/home/ap432/ros2_ws/install/sensor:/home/ap432/ros2_ws/install/robot_description:/home/ap432/ros2_ws/install/multi_robot:/home/ap432/ros2_ws/install/gazebo_simulation:/home/ap432/ros2_ws/install/basics:/opt/ros/humble:${CMAKE_PREFIX_PATH} /usr/bin/cmake --install /home/ap432/Mart-Cart-Project/build/tiago_controller_configuration
[0.381s] Level 1:colcon.colcon_core.environment:checking '/home/ap432/Mart-Cart-Project/install/tiago_controller_configuration' for CMake module files
[0.381s] Level 1:colcon.colcon_core.environment:checking '/home/ap432/Mart-Cart-Project/install/tiago_controller_configuration' for CMake config files
[0.381s] Level 1:colcon.colcon_core.shell:create_environment_hook('tiago_controller_configuration', 'cmake_prefix_path')
[0.381s] INFO:colcon.colcon_core.shell:Creating environment hook '/home/ap432/Mart-Cart-Project/install/tiago_controller_configuration/share/tiago_controller_configuration/hook/cmake_prefix_path.ps1'
[0.382s] INFO:colcon.colcon_core.shell:Creating environment descriptor '/home/ap432/Mart-Cart-Project/install/tiago_controller_configuration/share/tiago_controller_configuration/hook/cmake_prefix_path.dsv'
[0.382s] INFO:colcon.colcon_core.shell:Creating environment hook '/home/ap432/Mart-Cart-Project/install/tiago_controller_configuration/share/tiago_controller_configuration/hook/cmake_prefix_path.sh'
[0.383s] Level 1:colcon.colcon_core.environment:checking '/home/ap432/Mart-Cart-Project/install/tiago_controller_configuration/bin'
[0.383s] Level 1:colcon.colcon_core.environment:checking '/home/ap432/Mart-Cart-Project/install/tiago_controller_configuration/lib/pkgconfig/tiago_controller_configuration.pc'
[0.383s] Level 1:colcon.colcon_core.environment:checking '/home/ap432/Mart-Cart-Project/install/tiago_controller_configuration/lib/python3.10/site-packages'
[0.384s] Level 1:colcon.colcon_core.environment:checking '/home/ap432/Mart-Cart-Project/install/tiago_controller_configuration/bin'
[0.384s] INFO:colcon.colcon_core.shell:Creating package script '/home/ap432/Mart-Cart-Project/install/tiago_controller_configuration/share/tiago_controller_configuration/package.ps1'
[0.384s] INFO:colcon.colcon_core.shell:Creating package descriptor '/home/ap432/Mart-Cart-Project/install/tiago_controller_configuration/share/tiago_controller_configuration/package.dsv'
[0.385s] INFO:colcon.colcon_core.shell:Creating package script '/home/ap432/Mart-Cart-Project/install/tiago_controller_configuration/share/tiago_controller_configuration/package.sh'
[0.385s] INFO:colcon.colcon_core.shell:Creating package script '/home/ap432/Mart-Cart-Project/install/tiago_controller_configuration/share/tiago_controller_configuration/package.bash'
[0.386s] INFO:colcon.colcon_core.shell:Creating package script '/home/ap432/Mart-Cart-Project/install/tiago_controller_configuration/share/tiago_controller_configuration/package.zsh'
[0.386s] Level 1:colcon.colcon_core.environment:create_file_with_runtime_dependencies(/home/ap432/Mart-Cart-Project/install/tiago_controller_configuration/share/colcon-core/packages/tiago_controller_configuration)
[0.387s] Level 1:colcon.colcon_core.environment:create_environment_scripts_only(tiago_controller_configuration)
[0.387s] Level 1:colcon.colcon_core.environment:checking '/home/ap432/Mart-Cart-Project/install/tiago_controller_configuration' for CMake module files
[0.388s] Level 1:colcon.colcon_core.environment:checking '/home/ap432/Mart-Cart-Project/install/tiago_controller_configuration' for CMake config files
[0.388s] Level 1:colcon.colcon_core.shell:create_environment_hook('tiago_controller_configuration', 'cmake_prefix_path')
[0.388s] INFO:colcon.colcon_core.shell:Creating environment hook '/home/ap432/Mart-Cart-Project/install/tiago_controller_configuration/share/tiago_controller_configuration/hook/cmake_prefix_path.ps1'
[0.388s] INFO:colcon.colcon_core.shell:Creating environment descriptor '/home/ap432/Mart-Cart-Project/install/tiago_controller_configuration/share/tiago_controller_configuration/hook/cmake_prefix_path.dsv'
[0.388s] INFO:colcon.colcon_core.shell:Creating environment hook '/home/ap432/Mart-Cart-Project/install/tiago_controller_configuration/share/tiago_controller_configuration/hook/cmake_prefix_path.sh'
[0.389s] Level 1:colcon.colcon_core.environment:checking '/home/ap432/Mart-Cart-Project/install/tiago_controller_configuration/bin'
[0.389s] Level 1:colcon.colcon_core.environment:checking '/home/ap432/Mart-Cart-Project/install/tiago_controller_configuration/lib/pkgconfig/tiago_controller_configuration.pc'
[0.389s] Level 1:colcon.colcon_core.environment:checking '/home/ap432/Mart-Cart-Project/install/tiago_controller_configuration/lib/python3.10/site-packages'
[0.389s] Level 1:colcon.colcon_core.environment:checking '/home/ap432/Mart-Cart-Project/install/tiago_controller_configuration/bin'
[0.389s] INFO:colcon.colcon_core.shell:Creating package script '/home/ap432/Mart-Cart-Project/install/tiago_controller_configuration/share/tiago_controller_configuration/package.ps1'
[0.389s] INFO:colcon.colcon_core.shell:Creating package descriptor '/home/ap432/Mart-Cart-Project/install/tiago_controller_configuration/share/tiago_controller_configuration/package.dsv'
[0.390s] INFO:colcon.colcon_core.shell:Creating package script '/home/ap432/Mart-Cart-Project/install/tiago_controller_configuration/share/tiago_controller_configuration/package.sh'
[0.390s] INFO:colcon.colcon_core.shell:Creating package script '/home/ap432/Mart-Cart-Project/install/tiago_controller_configuration/share/tiago_controller_configuration/package.bash'
[0.390s] INFO:colcon.colcon_core.shell:Creating package script '/home/ap432/Mart-Cart-Project/install/tiago_controller_configuration/share/tiago_controller_configuration/package.zsh'
[0.390s] Level 1:colcon.colcon_core.environment:create_file_with_runtime_dependencies(/home/ap432/Mart-Cart-Project/install/tiago_controller_configuration/share/colcon-core/packages/tiago_controller_configuration)
[0.599s] DEBUG:colcon.colcon_core.event_handler.log_command:Invoked command in '/home/ap432/Mart-Cart-Project/build/tiago_description' returned '0': CMAKE_PREFIX_PATH=/home/ap432/ros2_ws/install/slam:/home/ap432/ros2_ws/install/nav2:/home/ap432/ros2_ws/install/sensor:/home/ap432/ros2_ws/install/robot_description:/home/ap432/ros2_ws/install/multi_robot:/home/ap432/ros2_ws/install/gazebo_simulation:/home/ap432/ros2_ws/install/basics:/opt/ros/humble:${CMAKE_PREFIX_PATH} /usr/bin/cmake --build /home/ap432/Mart-Cart-Project/build/tiago_description -- -j22 -l22
[0.599s] DEBUG:colcon.colcon_core.event_handler.log_command:Invoking command in '/home/ap432/Mart-Cart-Project/build/tiago_description': CMAKE_PREFIX_PATH=/home/ap432/ros2_ws/install/slam:/home/ap432/ros2_ws/install/nav2:/home/ap432/ros2_ws/install/sensor:/home/ap432/ros2_ws/install/robot_description:/home/ap432/ros2_ws/install/multi_robot:/home/ap432/ros2_ws/install/gazebo_simulation:/home/ap432/ros2_ws/install/basics:/opt/ros/humble:${CMAKE_PREFIX_PATH} /usr/bin/cmake --install /home/ap432/Mart-Cart-Project/build/tiago_description
[0.650s] Level 1:colcon.colcon_core.environment:create_environment_scripts_only(tiago_description)
[0.650s] Level 1:colcon.colcon_core.environment:checking '/home/ap432/Mart-Cart-Project/install/tiago_description' for CMake module files
[0.651s] DEBUG:colcon.colcon_core.event_handler.log_command:Invoked command in '/home/ap432/Mart-Cart-Project/build/tiago_description' returned '0': CMAKE_PREFIX_PATH=/home/ap432/ros2_ws/install/slam:/home/ap432/ros2_ws/install/nav2:/home/ap432/ros2_ws/install/sensor:/home/ap432/ros2_ws/install/robot_description:/home/ap432/ros2_ws/install/multi_robot:/home/ap432/ros2_ws/install/gazebo_simulation:/home/ap432/ros2_ws/install/basics:/opt/ros/humble:${CMAKE_PREFIX_PATH} /usr/bin/cmake --install /home/ap432/Mart-Cart-Project/build/tiago_description
[0.651s] Level 1:colcon.colcon_core.environment:checking '/home/ap432/Mart-Cart-Project/install/tiago_description' for CMake config files
[0.651s] Level 1:colcon.colcon_core.shell:create_environment_hook('tiago_description', 'cmake_prefix_path')
[0.652s] INFO:colcon.colcon_core.shell:Creating environment hook '/home/ap432/Mart-Cart-Project/install/tiago_description/share/tiago_description/hook/cmake_prefix_path.ps1'
[0.652s] INFO:colcon.colcon_core.shell:Creating environment descriptor '/home/ap432/Mart-Cart-Project/install/tiago_description/share/tiago_description/hook/cmake_prefix_path.dsv'
[0.652s] INFO:colcon.colcon_core.shell:Creating environment hook '/home/ap432/Mart-Cart-Project/install/tiago_description/share/tiago_description/hook/cmake_prefix_path.sh'
[0.653s] Level 1:colcon.colcon_core.environment:checking '/home/ap432/Mart-Cart-Project/install/tiago_description/bin'
[0.653s] Level 1:colcon.colcon_core.environment:checking '/home/ap432/Mart-Cart-Project/install/tiago_description/lib/pkgconfig/tiago_description.pc'
[0.653s] Level 1:colcon.colcon_core.environment:checking '/home/ap432/Mart-Cart-Project/install/tiago_description/lib/python3.10/site-packages'
[0.653s] Level 1:colcon.colcon_core.environment:checking '/home/ap432/Mart-Cart-Project/install/tiago_description/bin'
[0.653s] INFO:colcon.colcon_core.shell:Creating package script '/home/ap432/Mart-Cart-Project/install/tiago_description/share/tiago_description/package.ps1'
[0.654s] INFO:colcon.colcon_core.shell:Creating package descriptor '/home/ap432/Mart-Cart-Project/install/tiago_description/share/tiago_description/package.dsv'
[0.654s] INFO:colcon.colcon_core.shell:Creating package script '/home/ap432/Mart-Cart-Project/install/tiago_description/share/tiago_description/package.sh'
[0.654s] INFO:colcon.colcon_core.shell:Creating package script '/home/ap432/Mart-Cart-Project/install/tiago_description/share/tiago_description/package.bash'
[0.654s] INFO:colcon.colcon_core.shell:Creating package script '/home/ap432/Mart-Cart-Project/install/tiago_description/share/tiago_description/package.zsh'
[0.655s] Level 1:colcon.colcon_core.environment:create_file_with_runtime_dependencies(/home/ap432/Mart-Cart-Project/install/tiago_description/share/colcon-core/packages/tiago_description)
[0.655s] Level 1:colcon.colcon_core.environment:create_environment_scripts_only(tiago_description)
[0.655s] Level 1:colcon.colcon_core.environment:checking '/home/ap432/Mart-Cart-Project/install/tiago_description' for CMake module files
[0.655s] Level 1:colcon.colcon_core.environment:checking '/home/ap432/Mart-Cart-Project/install/tiago_description' for CMake config files
[0.656s] Level 1:colcon.colcon_core.shell:create_environment_hook('tiago_description', 'cmake_prefix_path')
[0.656s] INFO:colcon.colcon_core.shell:Creating environment hook '/home/ap432/Mart-Cart-Project/install/tiago_description/share/tiago_description/hook/cmake_prefix_path.ps1'
[0.656s] INFO:colcon.colcon_core.shell:Creating environment descriptor '/home/ap432/Mart-Cart-Project/install/tiago_description/share/tiago_description/hook/cmake_prefix_path.dsv'
[0.656s] INFO:colcon.colcon_core.shell:Creating environment hook '/home/ap432/Mart-Cart-Project/install/tiago_description/share/tiago_description/hook/cmake_prefix_path.sh'
[0.657s] Level 1:colcon.colcon_core.environment:checking '/home/ap432/Mart-Cart-Project/install/tiago_description/bin'
[0.657s] Level 1:colcon.colcon_core.environment:checking '/home/ap432/Mart-Cart-Project/install/tiago_description/lib/pkgconfig/tiago_description.pc'
[0.657s] Level 1:colcon.colcon_core.environment:checking '/home/ap432/Mart-Cart-Project/install/tiago_description/lib/python3.10/site-packages'
[0.657s] Level 1:colcon.colcon_core.environment:checking '/home/ap432/Mart-Cart-Project/install/tiago_description/bin'
[0.657s] INFO:colcon.colcon_core.shell:Creating package script '/home/ap432/Mart-Cart-Project/install/tiago_description/share/tiago_description/package.ps1'
[0.658s] INFO:colcon.colcon_core.shell:Creating package descriptor '/home/ap432/Mart-Cart-Project/install/tiago_description/share/tiago_description/package.dsv'
[0.658s] INFO:colcon.colcon_core.shell:Creating package script '/home/ap432/Mart-Cart-Project/install/tiago_description/share/tiago_description/package.sh'
[0.658s] INFO:colcon.colcon_core.shell:Creating package script '/home/ap432/Mart-Cart-Project/install/tiago_description/share/tiago_description/package.bash'
[0.659s] INFO:colcon.colcon_core.shell:Creating package script '/home/ap432/Mart-Cart-Project/install/tiago_description/share/tiago_description/package.zsh'
[0.659s] Level 1:colcon.colcon_core.environment:create_file_with_runtime_dependencies(/home/ap432/Mart-Cart-Project/install/tiago_description/share/colcon-core/packages/tiago_description)
[0.659s] INFO:colcon.colcon_ros.task.ament_cmake.build:Building ROS package in '/home/ap432/Mart-Cart-Project/tiago_robot/tiago_bringup' with build type 'ament_cmake'
[0.659s] INFO:colcon.colcon_cmake.task.cmake.build:Building CMake package in '/home/ap432/Mart-Cart-Project/tiago_robot/tiago_bringup'
[0.661s] INFO:colcon.colcon_core.shell:Skip shell extension 'powershell' for command environment: Not usable outside of PowerShell
[0.661s] DEBUG:colcon.colcon_core.shell:Skip shell extension 'dsv' for command environment
[0.682s] DEBUG:colcon.colcon_core.event_handler.log_command:Invoking command in '/home/ap432/Mart-Cart-Project/build/tiago_bringup': AMENT_PREFIX_PATH=/home/ap432/Mart-Cart-Project/install/tiago_description:/home/ap432/Mart-Cart-Project/install/tiago_controller_configuration:${AMENT_PREFIX_PATH} CMAKE_PREFIX_PATH=/home/ap432/Mart-Cart-Project/install/tiago_description:/home/ap432/Mart-Cart-Project/install/tiago_controller_configuration:/home/ap432/ros2_ws/install/slam:/home/ap432/ros2_ws/install/nav2:/home/ap432/ros2_ws/install/sensor:/home/ap432/ros2_ws/install/robot_description:/home/ap432/ros2_ws/install/multi_robot:/home/ap432/ros2_ws/install/gazebo_simulation:/home/ap432/ros2_ws/install/basics:/opt/ros/humble:${CMAKE_PREFIX_PATH} PYTHONPATH=/home/ap432/Mart-Cart-Project/install/tiago_description/local/lib/python3.10/dist-packages:${PYTHONPATH} /usr/bin/cmake --build /home/ap432/Mart-Cart-Project/build/tiago_bringup -- -j22 -l22
[0.703s] DEBUG:colcon.colcon_core.event_handler.log_command:Invoked command in '/home/ap432/Mart-Cart-Project/build/tiago_bringup' returned '0': AMENT_PREFIX_PATH=/home/ap432/Mart-Cart-Project/install/tiago_description:/home/ap432/Mart-Cart-Project/install/tiago_controller_configuration:${AMENT_PREFIX_PATH} CMAKE_PREFIX_PATH=/home/ap432/Mart-Cart-Project/install/tiago_description:/home/ap432/Mart-Cart-Project/install/tiago_controller_configuration:/home/ap432/ros2_ws/install/slam:/home/ap432/ros2_ws/install/nav2:/home/ap432/ros2_ws/install/sensor:/home/ap432/ros2_ws/install/robot_description:/home/ap432/ros2_ws/install/multi_robot:/home/ap432/ros2_ws/install/gazebo_simulation:/home/ap432/ros2_ws/install/basics:/opt/ros/humble:${CMAKE_PREFIX_PATH} PYTHONPATH=/home/ap432/Mart-Cart-Project/install/tiago_description/local/lib/python3.10/dist-packages:${PYTHONPATH} /usr/bin/cmake --build /home/ap432/Mart-Cart-Project/build/tiago_bringup -- -j22 -l22
[0.703s] DEBUG:colcon.colcon_core.event_handler.log_command:Invoking command in '/home/ap432/Mart-Cart-Project/build/tiago_bringup': AMENT_PREFIX_PATH=/home/ap432/Mart-Cart-Project/install/tiago_description:/home/ap432/Mart-Cart-Project/install/tiago_controller_configuration:${AMENT_PREFIX_PATH} CMAKE_PREFIX_PATH=/home/ap432/Mart-Cart-Project/install/tiago_description:/home/ap432/Mart-Cart-Project/install/tiago_controller_configuration:/home/ap432/ros2_ws/install/slam:/home/ap432/ros2_ws/install/nav2:/home/ap432/ros2_ws/install/sensor:/home/ap432/ros2_ws/install/robot_description:/home/ap432/ros2_ws/install/multi_robot:/home/ap432/ros2_ws/install/gazebo_simulation:/home/ap432/ros2_ws/install/basics:/opt/ros/humble:${CMAKE_PREFIX_PATH} PYTHONPATH=/home/ap432/Mart-Cart-Project/install/tiago_description/local/lib/python3.10/dist-packages:${PYTHONPATH} /usr/bin/cmake --install /home/ap432/Mart-Cart-Project/build/tiago_bringup
[0.720s] Level 1:colcon.colcon_core.environment:create_environment_scripts_only(tiago_bringup)
[0.721s] Level 1:colcon.colcon_core.environment:checking '/home/ap432/Mart-Cart-Project/install/tiago_bringup' for CMake module files
[0.721s] DEBUG:colcon.colcon_core.event_handler.log_command:Invoked command in '/home/ap432/Mart-Cart-Project/build/tiago_bringup' returned '0': AMENT_PREFIX_PATH=/home/ap432/Mart-Cart-Project/install/tiago_description:/home/ap432/Mart-Cart-Project/install/tiago_controller_configuration:${AMENT_PREFIX_PATH} CMAKE_PREFIX_PATH=/home/ap432/Mart-Cart-Project/install/tiago_description:/home/ap432/Mart-Cart-Project/install/tiago_controller_configuration:/home/ap432/ros2_ws/install/slam:/home/ap432/ros2_ws/install/nav2:/home/ap432/ros2_ws/install/sensor:/home/ap432/ros2_ws/install/robot_description:/home/ap432/ros2_ws/install/multi_robot:/home/ap432/ros2_ws/install/gazebo_simulation:/home/ap432/ros2_ws/install/basics:/opt/ros/humble:${CMAKE_PREFIX_PATH} PYTHONPATH=/home/ap432/Mart-Cart-Project/install/tiago_description/local/lib/python3.10/dist-packages:${PYTHONPATH} /usr/bin/cmake --install /home/ap432/Mart-Cart-Project/build/tiago_bringup
[0.721s] Level 1:colcon.colcon_core.environment:checking '/home/ap432/Mart-Cart-Project/install/tiago_bringup' for CMake config files
[0.722s] Level 1:colcon.colcon_core.shell:create_environment_hook('tiago_bringup', 'cmake_prefix_path')
[0.722s] INFO:colcon.colcon_core.shell:Creating environment hook '/home/ap432/Mart-Cart-Project/install/tiago_bringup/share/tiago_bringup/hook/cmake_prefix_path.ps1'
[0.722s] INFO:colcon.colcon_core.shell:Creating environment descriptor '/home/ap432/Mart-Cart-Project/install/tiago_bringup/share/tiago_bringup/hook/cmake_prefix_path.dsv'
[0.722s] INFO:colcon.colcon_core.shell:Creating environment hook '/home/ap432/Mart-Cart-Project/install/tiago_bringup/share/tiago_bringup/hook/cmake_prefix_path.sh'
[0.723s] Level 1:colcon.colcon_core.environment:checking '/home/ap432/Mart-Cart-Project/install/tiago_bringup/lib'
[0.723s] Level 1:colcon.colcon_core.environment:checking '/home/ap432/Mart-Cart-Project/install/tiago_bringup/bin'
[0.723s] Level 1:colcon.colcon_core.environment:checking '/home/ap432/Mart-Cart-Project/install/tiago_bringup/lib/pkgconfig/tiago_bringup.pc'
[0.723s] Level 1:colcon.colcon_core.environment:checking '/home/ap432/Mart-Cart-Project/install/tiago_bringup/lib/python3.10/site-packages'
[0.723s] Level 1:colcon.colcon_core.environment:checking '/home/ap432/Mart-Cart-Project/install/tiago_bringup/bin'
[0.724s] INFO:colcon.colcon_core.shell:Creating package script '/home/ap432/Mart-Cart-Project/install/tiago_bringup/share/tiago_bringup/package.ps1'
[0.724s] INFO:colcon.colcon_core.shell:Creating package descriptor '/home/ap432/Mart-Cart-Project/install/tiago_bringup/share/tiago_bringup/package.dsv'
[0.724s] INFO:colcon.colcon_core.shell:Creating package script '/home/ap432/Mart-Cart-Project/install/tiago_bringup/share/tiago_bringup/package.sh'
[0.725s] INFO:colcon.colcon_core.shell:Creating package script '/home/ap432/Mart-Cart-Project/install/tiago_bringup/share/tiago_bringup/package.bash'
[0.725s] INFO:colcon.colcon_core.shell:Creating package script '/home/ap432/Mart-Cart-Project/install/tiago_bringup/share/tiago_bringup/package.zsh'
[0.725s] Level 1:colcon.colcon_core.environment:create_file_with_runtime_dependencies(/home/ap432/Mart-Cart-Project/install/tiago_bringup/share/colcon-core/packages/tiago_bringup)
[0.725s] Level 1:colcon.colcon_core.environment:create_environment_scripts_only(tiago_bringup)
[0.726s] Level 1:colcon.colcon_core.environment:checking '/home/ap432/Mart-Cart-Project/install/tiago_bringup' for CMake module files
[0.726s] Level 1:colcon.colcon_core.environment:checking '/home/ap432/Mart-Cart-Project/install/tiago_bringup' for CMake config files
[0.726s] Level 1:colcon.colcon_core.shell:create_environment_hook('tiago_bringup', 'cmake_prefix_path')
[0.726s] INFO:colcon.colcon_core.shell:Creating environment hook '/home/ap432/Mart-Cart-Project/install/tiago_bringup/share/tiago_bringup/hook/cmake_prefix_path.ps1'
[0.726s] INFO:colcon.colcon_core.shell:Creating environment descriptor '/home/ap432/Mart-Cart-Project/install/tiago_bringup/share/tiago_bringup/hook/cmake_prefix_path.dsv'
[0.726s] INFO:colcon.colcon_core.shell:Creating environment hook '/home/ap432/Mart-Cart-Project/install/tiago_bringup/share/tiago_bringup/hook/cmake_prefix_path.sh'
[0.727s] Level 1:colcon.colcon_core.environment:checking '/home/ap432/Mart-Cart-Project/install/tiago_bringup/lib'
[0.727s] Level 1:colcon.colcon_core.environment:checking '/home/ap432/Mart-Cart-Project/install/tiago_bringup/bin'
[0.727s] Level 1:colcon.colcon_core.environment:checking '/home/ap432/Mart-Cart-Project/install/tiago_bringup/lib/pkgconfig/tiago_bringup.pc'
[0.727s] Level 1:colcon.colcon_core.environment:checking '/home/ap432/Mart-Cart-Project/install/tiago_bringup/lib/python3.10/site-packages'
[0.727s] Level 1:colcon.colcon_core.environment:checking '/home/ap432/Mart-Cart-Project/install/tiago_bringup/bin'
[0.728s] INFO:colcon.colcon_core.shell:Creating package script '/home/ap432/Mart-Cart-Project/install/tiago_bringup/share/tiago_bringup/package.ps1'
[0.728s] INFO:colcon.colcon_core.shell:Creating package descriptor '/home/ap432/Mart-Cart-Project/install/tiago_bringup/share/tiago_bringup/package.dsv'
[0.728s] INFO:colcon.colcon_core.shell:Creating package script '/home/ap432/Mart-Cart-Project/install/tiago_bringup/share/tiago_bringup/package.sh'
[0.729s] INFO:colcon.colcon_core.shell:Creating package script '/home/ap432/Mart-Cart-Project/install/tiago_bringup/share/tiago_bringup/package.bash'
[0.729s] INFO:colcon.colcon_core.shell:Creating package script '/home/ap432/Mart-Cart-Project/install/tiago_bringup/share/tiago_bringup/package.zsh'
[0.729s] Level 1:colcon.colcon_core.environment:create_file_with_runtime_dependencies(/home/ap432/Mart-Cart-Project/install/tiago_bringup/share/colcon-core/packages/tiago_bringup)
[0.729s] INFO:colcon.colcon_ros.task.ament_cmake.build:Building ROS package in '/home/ap432/Mart-Cart-Project/tiago_simulation/tiago_gazebo' with build type 'ament_cmake'
[0.730s] INFO:colcon.colcon_cmake.task.cmake.build:Building CMake package in '/home/ap432/Mart-Cart-Project/tiago_simulation/tiago_gazebo'
[0.730s] INFO:colcon.colcon_core.shell:Skip shell extension 'powershell' for command environment: Not usable outside of PowerShell
[0.730s] DEBUG:colcon.colcon_core.shell:Skip shell extension 'dsv' for command environment
[0.733s] INFO:colcon.colcon_ros.task.ament_cmake.build:Building ROS package in '/home/ap432/Mart-Cart-Project/tiago_robot/tiago_robot' with build type 'ament_cmake'
[0.733s] INFO:colcon.colcon_cmake.task.cmake.build:Building CMake package in '/home/ap432/Mart-Cart-Project/tiago_robot/tiago_robot'
[0.733s] INFO:colcon.colcon_core.shell:Skip shell extension 'powershell' for command environment: Not usable outside of PowerShell
[0.733s] DEBUG:colcon.colcon_core.shell:Skip shell extension 'dsv' for command environment
[0.743s] DEBUG:colcon.colcon_core.event_handler.log_command:Invoking command in '/home/ap432/Mart-Cart-Project/build/tiago_gazebo': AMENT_PREFIX_PATH=/home/ap432/Mart-Cart-Project/install/tiago_bringup:/home/ap432/Mart-Cart-Project/install/tiago_description:/home/ap432/Mart-Cart-Project/install/tiago_controller_configuration:${AMENT_PREFIX_PATH} CMAKE_PREFIX_PATH=/home/ap432/Mart-Cart-Project/install/tiago_bringup:/home/ap432/Mart-Cart-Project/install/tiago_description:/home/ap432/Mart-Cart-Project/install/tiago_controller_configuration:/home/ap432/ros2_ws/install/slam:/home/ap432/ros2_ws/install/nav2:/home/ap432/ros2_ws/install/sensor:/home/ap432/ros2_ws/install/robot_description:/home/ap432/ros2_ws/install/multi_robot:/home/ap432/ros2_ws/install/gazebo_simulation:/home/ap432/ros2_ws/install/basics:/opt/ros/humble:${CMAKE_PREFIX_PATH} PYTHONPATH=/home/ap432/Mart-Cart-Project/install/tiago_description/local/lib/python3.10/dist-packages:${PYTHONPATH} /usr/bin/cmake /home/ap432/Mart-Cart-Project/tiago_simulation/tiago_gazebo -DAMENT_CMAKE_SYMLINK_INSTALL=1 -DCMAKE_INSTALL_PREFIX=/home/ap432/Mart-Cart-Project/install/tiago_gazebo
[0.760s] DEBUG:colcon.colcon_core.event_handler.log_command:Invoking command in '/home/ap432/Mart-Cart-Project/build/tiago_robot': AMENT_PREFIX_PATH=/home/ap432/Mart-Cart-Project/install/tiago_bringup:/home/ap432/Mart-Cart-Project/install/tiago_description:/home/ap432/Mart-Cart-Project/install/tiago_controller_configuration:${AMENT_PREFIX_PATH} CMAKE_PREFIX_PATH=/home/ap432/Mart-Cart-Project/install/tiago_bringup:/home/ap432/Mart-Cart-Project/install/tiago_description:/home/ap432/Mart-Cart-Project/install/tiago_controller_configuration:/home/ap432/ros2_ws/install/slam:/home/ap432/ros2_ws/install/nav2:/home/ap432/ros2_ws/install/sensor:/home/ap432/ros2_ws/install/robot_description:/home/ap432/ros2_ws/install/multi_robot:/home/ap432/ros2_ws/install/gazebo_simulation:/home/ap432/ros2_ws/install/basics:/opt/ros/humble:${CMAKE_PREFIX_PATH} PYTHONPATH=/home/ap432/Mart-Cart-Project/install/tiago_description/local/lib/python3.10/dist-packages:${PYTHONPATH} /usr/bin/cmake --build /home/ap432/Mart-Cart-Project/build/tiago_robot -- -j22 -l22
[0.783s] DEBUG:colcon.colcon_core.event_handler.log_command:Invoked command in '/home/ap432/Mart-Cart-Project/build/tiago_robot' returned '0': AMENT_PREFIX_PATH=/home/ap432/Mart-Cart-Project/install/tiago_bringup:/home/ap432/Mart-Cart-Project/install/tiago_description:/home/ap432/Mart-Cart-Project/install/tiago_controller_configuration:${AMENT_PREFIX_PATH} CMAKE_PREFIX_PATH=/home/ap432/Mart-Cart-Project/install/tiago_bringup:/home/ap432/Mart-Cart-Project/install/tiago_description:/home/ap432/Mart-Cart-Project/install/tiago_controller_configuration:/home/ap432/ros2_ws/install/slam:/home/ap432/ros2_ws/install/nav2:/home/ap432/ros2_ws/install/sensor:/home/ap432/ros2_ws/install/robot_description:/home/ap432/ros2_ws/install/multi_robot:/home/ap432/ros2_ws/install/gazebo_simulation:/home/ap432/ros2_ws/install/basics:/opt/ros/humble:${CMAKE_PREFIX_PATH} PYTHONPATH=/home/ap432/Mart-Cart-Project/install/tiago_description/local/lib/python3.10/dist-packages:${PYTHONPATH} /usr/bin/cmake --build /home/ap432/Mart-Cart-Project/build/tiago_robot -- -j22 -l22
[0.784s] DEBUG:colcon.colcon_core.event_handler.log_command:Invoking command in '/home/ap432/Mart-Cart-Project/build/tiago_robot': AMENT_PREFIX_PATH=/home/ap432/Mart-Cart-Project/install/tiago_bringup:/home/ap432/Mart-Cart-Project/install/tiago_description:/home/ap432/Mart-Cart-Project/install/tiago_controller_configuration:${AMENT_PREFIX_PATH} CMAKE_PREFIX_PATH=/home/ap432/Mart-Cart-Project/install/tiago_bringup:/home/ap432/Mart-Cart-Project/install/tiago_description:/home/ap432/Mart-Cart-Project/install/tiago_controller_configuration:/home/ap432/ros2_ws/install/slam:/home/ap432/ros2_ws/install/nav2:/home/ap432/ros2_ws/install/sensor:/home/ap432/ros2_ws/install/robot_description:/home/ap432/ros2_ws/install/multi_robot:/home/ap432/ros2_ws/install/gazebo_simulation:/home/ap432/ros2_ws/install/basics:/opt/ros/humble:${CMAKE_PREFIX_PATH} PYTHONPATH=/home/ap432/Mart-Cart-Project/install/tiago_description/local/lib/python3.10/dist-packages:${PYTHONPATH} /usr/bin/cmake --install /home/ap432/Mart-Cart-Project/build/tiago_robot
[0.795s] Level 1:colcon.colcon_core.environment:create_environment_scripts_only(tiago_robot)
[0.796s] Level 1:colcon.colcon_core.environment:checking '/home/ap432/Mart-Cart-Project/install/tiago_robot' for CMake module files
[0.796s] DEBUG:colcon.colcon_core.event_handler.log_command:Invoked command in '/home/ap432/Mart-Cart-Project/build/tiago_robot' returned '0': AMENT_PREFIX_PATH=/home/ap432/Mart-Cart-Project/install/tiago_bringup:/home/ap432/Mart-Cart-Project/install/tiago_description:/home/ap432/Mart-Cart-Project/install/tiago_controller_configuration:${AMENT_PREFIX_PATH} CMAKE_PREFIX_PATH=/home/ap432/Mart-Cart-Project/install/tiago_bringup:/home/ap432/Mart-Cart-Project/install/tiago_description:/home/ap432/Mart-Cart-Project/install/tiago_controller_configuration:/home/ap432/ros2_ws/install/slam:/home/ap432/ros2_ws/install/nav2:/home/ap432/ros2_ws/install/sensor:/home/ap432/ros2_ws/install/robot_description:/home/ap432/ros2_ws/install/multi_robot:/home/ap432/ros2_ws/install/gazebo_simulation:/home/ap432/ros2_ws/install/basics:/opt/ros/humble:${CMAKE_PREFIX_PATH} PYTHONPATH=/home/ap432/Mart-Cart-Project/install/tiago_description/local/lib/python3.10/dist-packages:${PYTHONPATH} /usr/bin/cmake --install /home/ap432/Mart-Cart-Project/build/tiago_robot
[0.797s] Level 1:colcon.colcon_core.environment:checking '/home/ap432/Mart-Cart-Project/install/tiago_robot' for CMake config files
[0.797s] Level 1:colcon.colcon_core.shell:create_environment_hook('tiago_robot', 'cmake_prefix_path')
[0.798s] INFO:colcon.colcon_core.shell:Creating environment hook '/home/ap432/Mart-Cart-Project/install/tiago_robot/share/tiago_robot/hook/cmake_prefix_path.ps1'
[0.799s] INFO:colcon.colcon_core.shell:Creating environment descriptor '/home/ap432/Mart-Cart-Project/install/tiago_robot/share/tiago_robot/hook/cmake_prefix_path.dsv'
[0.799s] INFO:colcon.colcon_core.shell:Creating environment hook '/home/ap432/Mart-Cart-Project/install/tiago_robot/share/tiago_robot/hook/cmake_prefix_path.sh'
[0.800s] Level 1:colcon.colcon_core.environment:checking '/home/ap432/Mart-Cart-Project/install/tiago_robot/bin'
[0.800s] Level 1:colcon.colcon_core.environment:checking '/home/ap432/Mart-Cart-Project/install/tiago_robot/lib/pkgconfig/tiago_robot.pc'
[0.801s] Level 1:colcon.colcon_core.environment:checking '/home/ap432/Mart-Cart-Project/install/tiago_robot/lib/python3.10/site-packages'
[0.801s] Level 1:colcon.colcon_core.environment:checking '/home/ap432/Mart-Cart-Project/install/tiago_robot/bin'
[0.802s] INFO:colcon.colcon_core.shell:Creating package script '/home/ap432/Mart-Cart-Project/install/tiago_robot/share/tiago_robot/package.ps1'
[0.802s] INFO:colcon.colcon_core.shell:Creating package descriptor '/home/ap432/Mart-Cart-Project/install/tiago_robot/share/tiago_robot/package.dsv'
[0.803s] INFO:colcon.colcon_core.shell:Creating package script '/home/ap432/Mart-Cart-Project/install/tiago_robot/share/tiago_robot/package.sh'
[0.803s] INFO:colcon.colcon_core.shell:Creating package script '/home/ap432/Mart-Cart-Project/install/tiago_robot/share/tiago_robot/package.bash'
[0.804s] INFO:colcon.colcon_core.shell:Creating package script '/home/ap432/Mart-Cart-Project/install/tiago_robot/share/tiago_robot/package.zsh'
[0.804s] Level 1:colcon.colcon_core.environment:create_file_with_runtime_dependencies(/home/ap432/Mart-Cart-Project/install/tiago_robot/share/colcon-core/packages/tiago_robot)
[0.806s] Level 1:colcon.colcon_core.environment:create_environment_scripts_only(tiago_robot)
[0.806s] Level 1:colcon.colcon_core.environment:checking '/home/ap432/Mart-Cart-Project/install/tiago_robot' for CMake module files
[0.807s] Level 1:colcon.colcon_core.environment:checking '/home/ap432/Mart-Cart-Project/install/tiago_robot' for CMake config files
[0.807s] Level 1:colcon.colcon_core.shell:create_environment_hook('tiago_robot', 'cmake_prefix_path')
[0.807s] INFO:colcon.colcon_core.shell:Creating environment hook '/home/ap432/Mart-Cart-Project/install/tiago_robot/share/tiago_robot/hook/cmake_prefix_path.ps1'
[0.809s] INFO:colcon.colcon_core.shell:Creating environment descriptor '/home/ap432/Mart-Cart-Project/install/tiago_robot/share/tiago_robot/hook/cmake_prefix_path.dsv'
[0.810s] INFO:colcon.colcon_core.shell:Creating environment hook '/home/ap432/Mart-Cart-Project/install/tiago_robot/share/tiago_robot/hook/cmake_prefix_path.sh'
[0.811s] Level 1:colcon.colcon_core.environment:checking '/home/ap432/Mart-Cart-Project/install/tiago_robot/bin'
[0.811s] Level 1:colcon.colcon_core.environment:checking '/home/ap432/Mart-Cart-Project/install/tiago_robot/lib/pkgconfig/tiago_robot.pc'
[0.811s] Level 1:colcon.colcon_core.environment:checking '/home/ap432/Mart-Cart-Project/install/tiago_robot/lib/python3.10/site-packages'
[0.812s] Level 1:colcon.colcon_core.environment:checking '/home/ap432/Mart-Cart-Project/install/tiago_robot/bin'
[0.812s] INFO:colcon.colcon_core.shell:Creating package script '/home/ap432/Mart-Cart-Project/install/tiago_robot/share/tiago_robot/package.ps1'
[0.812s] INFO:colcon.colcon_core.shell:Creating package descriptor '/home/ap432/Mart-Cart-Project/install/tiago_robot/share/tiago_robot/package.dsv'
[0.813s] INFO:colcon.colcon_core.shell:Creating package script '/home/ap432/Mart-Cart-Project/install/tiago_robot/share/tiago_robot/package.sh'
[0.814s] INFO:colcon.colcon_core.shell:Creating package script '/home/ap432/Mart-Cart-Project/install/tiago_robot/share/tiago_robot/package.bash'
[0.814s] INFO:colcon.colcon_core.shell:Creating package script '/home/ap432/Mart-Cart-Project/install/tiago_robot/share/tiago_robot/package.zsh'
[0.814s] Level 1:colcon.colcon_core.environment:create_file_with_runtime_dependencies(/home/ap432/Mart-Cart-Project/install/tiago_robot/share/colcon-core/packages/tiago_robot)
[1.186s] DEBUG:colcon.colcon_core.event_handler.log_command:Invoked command in '/home/ap432/Mart-Cart-Project/build/tiago_gazebo' returned '0': AMENT_PREFIX_PATH=/home/ap432/Mart-Cart-Project/install/tiago_bringup:/home/ap432/Mart-Cart-Project/install/tiago_description:/home/ap432/Mart-Cart-Project/install/tiago_controller_configuration:${AMENT_PREFIX_PATH} CMAKE_PREFIX_PATH=/home/ap432/Mart-Cart-Project/install/tiago_bringup:/home/ap432/Mart-Cart-Project/install/tiago_description:/home/ap432/Mart-Cart-Project/install/tiago_controller_configuration:/home/ap432/ros2_ws/install/slam:/home/ap432/ros2_ws/install/nav2:/home/ap432/ros2_ws/install/sensor:/home/ap432/ros2_ws/install/robot_description:/home/ap432/ros2_ws/install/multi_robot:/home/ap432/ros2_ws/install/gazebo_simulation:/home/ap432/ros2_ws/install/basics:/opt/ros/humble:${CMAKE_PREFIX_PATH} PYTHONPATH=/home/ap432/Mart-Cart-Project/install/tiago_description/local/lib/python3.10/dist-packages:${PYTHONPATH} /usr/bin/cmake /home/ap432/Mart-Cart-Project/tiago_simulation/tiago_gazebo -DAMENT_CMAKE_SYMLINK_INSTALL=1 -DCMAKE_INSTALL_PREFIX=/home/ap432/Mart-Cart-Project/install/tiago_gazebo
[1.187s] DEBUG:colcon.colcon_core.event_handler.log_command:Invoking command in '/home/ap432/Mart-Cart-Project/build/tiago_gazebo': AMENT_PREFIX_PATH=/home/ap432/Mart-Cart-Project/install/tiago_bringup:/home/ap432/Mart-Cart-Project/install/tiago_description:/home/ap432/Mart-Cart-Project/install/tiago_controller_configuration:${AMENT_PREFIX_PATH} CMAKE_PREFIX_PATH=/home/ap432/Mart-Cart-Project/install/tiago_bringup:/home/ap432/Mart-Cart-Project/install/tiago_description:/home/ap432/Mart-Cart-Project/install/tiago_controller_configuration:/home/ap432/ros2_ws/install/slam:/home/ap432/ros2_ws/install/nav2:/home/ap432/ros2_ws/install/sensor:/home/ap432/ros2_ws/install/robot_description:/home/ap432/ros2_ws/install/multi_robot:/home/ap432/ros2_ws/install/gazebo_simulation:/home/ap432/ros2_ws/install/basics:/opt/ros/humble:${CMAKE_PREFIX_PATH} PYTHONPATH=/home/ap432/Mart-Cart-Project/install/tiago_description/local/lib/python3.10/dist-packages:${PYTHONPATH} /usr/bin/cmake --build /home/ap432/Mart-Cart-Project/build/tiago_gazebo -- -j22 -l22
[15.319s] DEBUG:colcon.colcon_core.event_handler.log_command:Invoked command in '/home/ap432/Mart-Cart-Project/build/tiago_gazebo' returned '0': AMENT_PREFIX_PATH=/home/ap432/Mart-Cart-Project/install/tiago_bringup:/home/ap432/Mart-Cart-Project/install/tiago_description:/home/ap432/Mart-Cart-Project/install/tiago_controller_configuration:${AMENT_PREFIX_PATH} CMAKE_PREFIX_PATH=/home/ap432/Mart-Cart-Project/install/tiago_bringup:/home/ap432/Mart-Cart-Project/install/tiago_description:/home/ap432/Mart-Cart-Project/install/tiago_controller_configuration:/home/ap432/ros2_ws/install/slam:/home/ap432/ros2_ws/install/nav2:/home/ap432/ros2_ws/install/sensor:/home/ap432/ros2_ws/install/robot_description:/home/ap432/ros2_ws/install/multi_robot:/home/ap432/ros2_ws/install/gazebo_simulation:/home/ap432/ros2_ws/install/basics:/opt/ros/humble:${CMAKE_PREFIX_PATH} PYTHONPATH=/home/ap432/Mart-Cart-Project/install/tiago_description/local/lib/python3.10/dist-packages:${PYTHONPATH} /usr/bin/cmake --build /home/ap432/Mart-Cart-Project/build/tiago_gazebo -- -j22 -l22
[15.321s] DEBUG:colcon.colcon_core.event_handler.log_command:Invoking command in '/home/ap432/Mart-Cart-Project/build/tiago_gazebo': AMENT_PREFIX_PATH=/home/ap432/Mart-Cart-Project/install/tiago_bringup:/home/ap432/Mart-Cart-Project/install/tiago_description:/home/ap432/Mart-Cart-Project/install/tiago_controller_configuration:${AMENT_PREFIX_PATH} CMAKE_PREFIX_PATH=/home/ap432/Mart-Cart-Project/install/tiago_bringup:/home/ap432/Mart-Cart-Project/install/tiago_description:/home/ap432/Mart-Cart-Project/install/tiago_controller_configuration:/home/ap432/ros2_ws/install/slam:/home/ap432/ros2_ws/install/nav2:/home/ap432/ros2_ws/install/sensor:/home/ap432/ros2_ws/install/robot_description:/home/ap432/ros2_ws/install/multi_robot:/home/ap432/ros2_ws/install/gazebo_simulation:/home/ap432/ros2_ws/install/basics:/opt/ros/humble:${CMAKE_PREFIX_PATH} PYTHONPATH=/home/ap432/Mart-Cart-Project/install/tiago_description/local/lib/python3.10/dist-packages:${PYTHONPATH} /usr/bin/cmake --install /home/ap432/Mart-Cart-Project/build/tiago_gazebo
[15.473s] Level 1:colcon.colcon_core.environment:create_environment_scripts_only(tiago_gazebo)
[15.474s] Level 1:colcon.colcon_core.environment:checking '/home/ap432/Mart-Cart-Project/install/tiago_gazebo' for CMake module files
[15.475s] DEBUG:colcon.colcon_core.event_handler.log_command:Invoked command in '/home/ap432/Mart-Cart-Project/build/tiago_gazebo' returned '0': AMENT_PREFIX_PATH=/home/ap432/Mart-Cart-Project/install/tiago_bringup:/home/ap432/Mart-Cart-Project/install/tiago_description:/home/ap432/Mart-Cart-Project/install/tiago_controller_configuration:${AMENT_PREFIX_PATH} CMAKE_PREFIX_PATH=/home/ap432/Mart-Cart-Project/install/tiago_bringup:/home/ap432/Mart-Cart-Project/install/tiago_description:/home/ap432/Mart-Cart-Project/install/tiago_controller_configuration:/home/ap432/ros2_ws/install/slam:/home/ap432/ros2_ws/install/nav2:/home/ap432/ros2_ws/install/sensor:/home/ap432/ros2_ws/install/robot_description:/home/ap432/ros2_ws/install/multi_robot:/home/ap432/ros2_ws/install/gazebo_simulation:/home/ap432/ros2_ws/install/basics:/opt/ros/humble:${CMAKE_PREFIX_PATH} PYTHONPATH=/home/ap432/Mart-Cart-Project/install/tiago_description/local/lib/python3.10/dist-packages:${PYTHONPATH} /usr/bin/cmake --install /home/ap432/Mart-Cart-Project/build/tiago_gazebo
[15.475s] Level 1:colcon.colcon_core.environment:checking '/home/ap432/Mart-Cart-Project/install/tiago_gazebo' for CMake config files
[15.475s] Level 1:colcon.colcon_core.shell:create_environment_hook('tiago_gazebo', 'cmake_prefix_path')
[15.476s] INFO:colcon.colcon_core.shell:Creating environment hook '/home/ap432/Mart-Cart-Project/install/tiago_gazebo/share/tiago_gazebo/hook/cmake_prefix_path.ps1'
[15.477s] INFO:colcon.colcon_core.shell:Creating environment descriptor '/home/ap432/Mart-Cart-Project/install/tiago_gazebo/share/tiago_gazebo/hook/cmake_prefix_path.dsv'
[15.477s] INFO:colcon.colcon_core.shell:Creating environment hook '/home/ap432/Mart-Cart-Project/install/tiago_gazebo/share/tiago_gazebo/hook/cmake_prefix_path.sh'
[15.478s] Level 1:colcon.colcon_core.environment:checking '/home/ap432/Mart-Cart-Project/install/tiago_gazebo/lib'
[15.478s] Level 1:colcon.colcon_core.environment:checking '/home/ap432/Mart-Cart-Project/install/tiago_gazebo/bin'
[15.478s] Level 1:colcon.colcon_core.environment:checking '/home/ap432/Mart-Cart-Project/install/tiago_gazebo/lib/pkgconfig/tiago_gazebo.pc'
[15.479s] Level 1:colcon.colcon_core.environment:checking '/home/ap432/Mart-Cart-Project/install/tiago_gazebo/lib/python3.10/site-packages'
[15.479s] Level 1:colcon.colcon_core.environment:checking '/home/ap432/Mart-Cart-Project/install/tiago_gazebo/bin'
[15.479s] INFO:colcon.colcon_core.shell:Creating package script '/home/ap432/Mart-Cart-Project/install/tiago_gazebo/share/tiago_gazebo/package.ps1'
[15.480s] INFO:colcon.colcon_core.shell:Creating package descriptor '/home/ap432/Mart-Cart-Project/install/tiago_gazebo/share/tiago_gazebo/package.dsv'
[15.481s] INFO:colcon.colcon_core.shell:Creating package script '/home/ap432/Mart-Cart-Project/install/tiago_gazebo/share/tiago_gazebo/package.sh'
[15.481s] INFO:colcon.colcon_core.shell:Creating package script '/home/ap432/Mart-Cart-Project/install/tiago_gazebo/share/tiago_gazebo/package.bash'
[15.481s] INFO:colcon.colcon_core.shell:Creating package script '/home/ap432/Mart-Cart-Project/install/tiago_gazebo/share/tiago_gazebo/package.zsh'
[15.482s] Level 1:colcon.colcon_core.environment:create_file_with_runtime_dependencies(/home/ap432/Mart-Cart-Project/install/tiago_gazebo/share/colcon-core/packages/tiago_gazebo)
[15.482s] Level 1:colcon.colcon_core.environment:create_environment_scripts_only(tiago_gazebo)
[15.483s] Level 1:colcon.colcon_core.environment:checking '/home/ap432/Mart-Cart-Project/install/tiago_gazebo' for CMake module files
[15.483s] Level 1:colcon.colcon_core.environment:checking '/home/ap432/Mart-Cart-Project/install/tiago_gazebo' for CMake config files
[15.483s] Level 1:colcon.colcon_core.shell:create_environment_hook('tiago_gazebo', 'cmake_prefix_path')
[15.483s] INFO:colcon.colcon_core.shell:Creating environment hook '/home/ap432/Mart-Cart-Project/install/tiago_gazebo/share/tiago_gazebo/hook/cmake_prefix_path.ps1'
[15.484s] INFO:colcon.colcon_core.shell:Creating environment descriptor '/home/ap432/Mart-Cart-Project/install/tiago_gazebo/share/tiago_gazebo/hook/cmake_prefix_path.dsv'
[15.484s] INFO:colcon.colcon_core.shell:Creating environment hook '/home/ap432/Mart-Cart-Project/install/tiago_gazebo/share/tiago_gazebo/hook/cmake_prefix_path.sh'
[15.485s] Level 1:colcon.colcon_core.environment:checking '/home/ap432/Mart-Cart-Project/install/tiago_gazebo/lib'
[15.485s] Level 1:colcon.colcon_core.environment:checking '/home/ap432/Mart-Cart-Project/install/tiago_gazebo/bin'
[15.485s] Level 1:colcon.colcon_core.environment:checking '/home/ap432/Mart-Cart-Project/install/tiago_gazebo/lib/pkgconfig/tiago_gazebo.pc'
[15.485s] Level 1:colcon.colcon_core.environment:checking '/home/ap432/Mart-Cart-Project/install/tiago_gazebo/lib/python3.10/site-packages'
[15.486s] Level 1:colcon.colcon_core.environment:checking '/home/ap432/Mart-Cart-Project/install/tiago_gazebo/bin'
[15.486s] INFO:colcon.colcon_core.shell:Creating package script '/home/ap432/Mart-Cart-Project/install/tiago_gazebo/share/tiago_gazebo/package.ps1'
[15.487s] INFO:colcon.colcon_core.shell:Creating package descriptor '/home/ap432/Mart-Cart-Project/install/tiago_gazebo/share/tiago_gazebo/package.dsv'
[15.487s] INFO:colcon.colcon_core.shell:Creating package script '/home/ap432/Mart-Cart-Project/install/tiago_gazebo/share/tiago_gazebo/package.sh'
[15.488s] INFO:colcon.colcon_core.shell:Creating package script '/home/ap432/Mart-Cart-Project/install/tiago_gazebo/share/tiago_gazebo/package.bash'
[15.488s] INFO:colcon.colcon_core.shell:Creating package script '/home/ap432/Mart-Cart-Project/install/tiago_gazebo/share/tiago_gazebo/package.zsh'
[15.488s] Level 1:colcon.colcon_core.environment:create_file_with_runtime_dependencies(/home/ap432/Mart-Cart-Project/install/tiago_gazebo/share/colcon-core/packages/tiago_gazebo)
[15.489s] INFO:colcon.colcon_ros.task.ament_cmake.build:Building ROS package in '/home/ap432/Mart-Cart-Project/tiago_simulation/tiago_simulation' with build type 'ament_cmake'
[15.489s] INFO:colcon.colcon_cmake.task.cmake.build:Building CMake package in '/home/ap432/Mart-Cart-Project/tiago_simulation/tiago_simulation'
[15.489s] INFO:colcon.colcon_core.shell:Skip shell extension 'powershell' for command environment: Not usable outside of PowerShell
[15.490s] DEBUG:colcon.colcon_core.shell:Skip shell extension 'dsv' for command environment
[15.499s] DEBUG:colcon.colcon_core.event_handler.log_command:Invoking command in '/home/ap432/Mart-Cart-Project/build/tiago_simulation': AMENT_PREFIX_PATH=/home/ap432/Mart-Cart-Project/install/tiago_gazebo:/home/ap432/Mart-Cart-Project/install/tiago_bringup:/home/ap432/Mart-Cart-Project/install/tiago_description:/home/ap432/Mart-Cart-Project/install/tiago_controller_configuration:${AMENT_PREFIX_PATH} CMAKE_PREFIX_PATH=/home/ap432/Mart-Cart-Project/install/tiago_gazebo:/home/ap432/Mart-Cart-Project/install/tiago_bringup:/home/ap432/Mart-Cart-Project/install/tiago_description:/home/ap432/Mart-Cart-Project/install/tiago_controller_configuration:/home/ap432/ros2_ws/install/slam:/home/ap432/ros2_ws/install/nav2:/home/ap432/ros2_ws/install/sensor:/home/ap432/ros2_ws/install/robot_description:/home/ap432/ros2_ws/install/multi_robot:/home/ap432/ros2_ws/install/gazebo_simulation:/home/ap432/ros2_ws/install/basics:/opt/ros/humble:${CMAKE_PREFIX_PATH} PYTHONPATH=/home/ap432/Mart-Cart-Project/install/tiago_description/local/lib/python3.10/dist-packages:${PYTHONPATH} /usr/bin/cmake /home/ap432/Mart-Cart-Project/tiago_simulation/tiago_simulation -DAMENT_CMAKE_SYMLINK_INSTALL=1 -DCMAKE_INSTALL_PREFIX=/home/ap432/Mart-Cart-Project/install/tiago_simulation
[16.013s] DEBUG:colcon.colcon_core.event_handler.log_command:Invoked command in '/home/ap432/Mart-Cart-Project/build/tiago_simulation' returned '0': AMENT_PREFIX_PATH=/home/ap432/Mart-Cart-Project/install/tiago_gazebo:/home/ap432/Mart-Cart-Project/install/tiago_bringup:/home/ap432/Mart-Cart-Project/install/tiago_description:/home/ap432/Mart-Cart-Project/install/tiago_controller_configuration:${AMENT_PREFIX_PATH} CMAKE_PREFIX_PATH=/home/ap432/Mart-Cart-Project/install/tiago_gazebo:/home/ap432/Mart-Cart-Project/install/tiago_bringup:/home/ap432/Mart-Cart-Project/install/tiago_description:/home/ap432/Mart-Cart-Project/install/tiago_controller_configuration:/home/ap432/ros2_ws/install/slam:/home/ap432/ros2_ws/install/nav2:/home/ap432/ros2_ws/install/sensor:/home/ap432/ros2_ws/install/robot_description:/home/ap432/ros2_ws/install/multi_robot:/home/ap432/ros2_ws/install/gazebo_simulation:/home/ap432/ros2_ws/install/basics:/opt/ros/humble:${CMAKE_PREFIX_PATH} PYTHONPATH=/home/ap432/Mart-Cart-Project/install/tiago_description/local/lib/python3.10/dist-packages:${PYTHONPATH} /usr/bin/cmake /home/ap432/Mart-Cart-Project/tiago_simulation/tiago_simulation -DAMENT_CMAKE_SYMLINK_INSTALL=1 -DCMAKE_INSTALL_PREFIX=/home/ap432/Mart-Cart-Project/install/tiago_simulation
[16.015s] DEBUG:colcon.colcon_core.event_handler.log_command:Invoking command in '/home/ap432/Mart-Cart-Project/build/tiago_simulation': AMENT_PREFIX_PATH=/home/ap432/Mart-Cart-Project/install/tiago_gazebo:/home/ap432/Mart-Cart-Project/install/tiago_bringup:/home/ap432/Mart-Cart-Project/install/tiago_description:/home/ap432/Mart-Cart-Project/install/tiago_controller_configuration:${AMENT_PREFIX_PATH} CMAKE_PREFIX_PATH=/home/ap432/Mart-Cart-Project/install/tiago_gazebo:/home/ap432/Mart-Cart-Project/install/tiago_bringup:/home/ap432/Mart-Cart-Project/install/tiago_description:/home/ap432/Mart-Cart-Project/install/tiago_controller_configuration:/home/ap432/ros2_ws/install/slam:/home/ap432/ros2_ws/install/nav2:/home/ap432/ros2_ws/install/sensor:/home/ap432/ros2_ws/install/robot_description:/home/ap432/ros2_ws/install/multi_robot:/home/ap432/ros2_ws/install/gazebo_simulation:/home/ap432/ros2_ws/install/basics:/opt/ros/humble:${CMAKE_PREFIX_PATH} PYTHONPATH=/home/ap432/Mart-Cart-Project/install/tiago_description/local/lib/python3.10/dist-packages:${PYTHONPATH} /usr/bin/cmake --build /home/ap432/Mart-Cart-Project/build/tiago_simulation -- -j22 -l22
[16.039s] DEBUG:colcon.colcon_core.event_handler.log_command:Invoked command in '/home/ap432/Mart-Cart-Project/build/tiago_simulation' returned '0': AMENT_PREFIX_PATH=/home/ap432/Mart-Cart-Project/install/tiago_gazebo:/home/ap432/Mart-Cart-Project/install/tiago_bringup:/home/ap432/Mart-Cart-Project/install/tiago_description:/home/ap432/Mart-Cart-Project/install/tiago_controller_configuration:${AMENT_PREFIX_PATH} CMAKE_PREFIX_PATH=/home/ap432/Mart-Cart-Project/install/tiago_gazebo:/home/ap432/Mart-Cart-Project/install/tiago_bringup:/home/ap432/Mart-Cart-Project/install/tiago_description:/home/ap432/Mart-Cart-Project/install/tiago_controller_configuration:/home/ap432/ros2_ws/install/slam:/home/ap432/ros2_ws/install/nav2:/home/ap432/ros2_ws/install/sensor:/home/ap432/ros2_ws/install/robot_description:/home/ap432/ros2_ws/install/multi_robot:/home/ap432/ros2_ws/install/gazebo_simulation:/home/ap432/ros2_ws/install/basics:/opt/ros/humble:${CMAKE_PREFIX_PATH} PYTHONPATH=/home/ap432/Mart-Cart-Project/install/tiago_description/local/lib/python3.10/dist-packages:${PYTHONPATH} /usr/bin/cmake --build /home/ap432/Mart-Cart-Project/build/tiago_simulation -- -j22 -l22
[16.040s] DEBUG:colcon.colcon_core.event_handler.log_command:Invoking command in '/home/ap432/Mart-Cart-Project/build/tiago_simulation': AMENT_PREFIX_PATH=/home/ap432/Mart-Cart-Project/install/tiago_gazebo:/home/ap432/Mart-Cart-Project/install/tiago_bringup:/home/ap432/Mart-Cart-Project/install/tiago_description:/home/ap432/Mart-Cart-Project/install/tiago_controller_configuration:${AMENT_PREFIX_PATH} CMAKE_PREFIX_PATH=/home/ap432/Mart-Cart-Project/install/tiago_gazebo:/home/ap432/Mart-Cart-Project/install/tiago_bringup:/home/ap432/Mart-Cart-Project/install/tiago_description:/home/ap432/Mart-Cart-Project/install/tiago_controller_configuration:/home/ap432/ros2_ws/install/slam:/home/ap432/ros2_ws/install/nav2:/home/ap432/ros2_ws/install/sensor:/home/ap432/ros2_ws/install/robot_description:/home/ap432/ros2_ws/install/multi_robot:/home/ap432/ros2_ws/install/gazebo_simulation:/home/ap432/ros2_ws/install/basics:/opt/ros/humble:${CMAKE_PREFIX_PATH} PYTHONPATH=/home/ap432/Mart-Cart-Project/install/tiago_description/local/lib/python3.10/dist-packages:${PYTHONPATH} /usr/bin/cmake --install /home/ap432/Mart-Cart-Project/build/tiago_simulation
[16.129s] Level 1:colcon.colcon_core.environment:create_environment_scripts_only(tiago_simulation)
[16.129s] Level 1:colcon.colcon_core.environment:checking '/home/ap432/Mart-Cart-Project/install/tiago_simulation' for CMake module files
[16.130s] DEBUG:colcon.colcon_core.event_handler.log_command:Invoked command in '/home/ap432/Mart-Cart-Project/build/tiago_simulation' returned '0': AMENT_PREFIX_PATH=/home/ap432/Mart-Cart-Project/install/tiago_gazebo:/home/ap432/Mart-Cart-Project/install/tiago_bringup:/home/ap432/Mart-Cart-Project/install/tiago_description:/home/ap432/Mart-Cart-Project/install/tiago_controller_configuration:${AMENT_PREFIX_PATH} CMAKE_PREFIX_PATH=/home/ap432/Mart-Cart-Project/install/tiago_gazebo:/home/ap432/Mart-Cart-Project/install/tiago_bringup:/home/ap432/Mart-Cart-Project/install/tiago_description:/home/ap432/Mart-Cart-Project/install/tiago_controller_configuration:/home/ap432/ros2_ws/install/slam:/home/ap432/ros2_ws/install/nav2:/home/ap432/ros2_ws/install/sensor:/home/ap432/ros2_ws/install/robot_description:/home/ap432/ros2_ws/install/multi_robot:/home/ap432/ros2_ws/install/gazebo_simulation:/home/ap432/ros2_ws/install/basics:/opt/ros/humble:${CMAKE_PREFIX_PATH} PYTHONPATH=/home/ap432/Mart-Cart-Project/install/tiago_description/local/lib/python3.10/dist-packages:${PYTHONPATH} /usr/bin/cmake --install /home/ap432/Mart-Cart-Project/build/tiago_simulation
[16.130s] Level 1:colcon.colcon_core.environment:checking '/home/ap432/Mart-Cart-Project/install/tiago_simulation' for CMake config files
[16.130s] Level 1:colcon.colcon_core.shell:create_environment_hook('tiago_simulation', 'cmake_prefix_path')
[16.130s] INFO:colcon.colcon_core.shell:Creating environment hook '/home/ap432/Mart-Cart-Project/install/tiago_simulation/share/tiago_simulation/hook/cmake_prefix_path.ps1'
[16.131s] INFO:colcon.colcon_core.shell:Creating environment descriptor '/home/ap432/Mart-Cart-Project/install/tiago_simulation/share/tiago_simulation/hook/cmake_prefix_path.dsv'
[16.131s] INFO:colcon.colcon_core.shell:Creating environment hook '/home/ap432/Mart-Cart-Project/install/tiago_simulation/share/tiago_simulation/hook/cmake_prefix_path.sh'
[16.131s] Level 1:colcon.colcon_core.environment:checking '/home/ap432/Mart-Cart-Project/install/tiago_simulation/bin'
[16.131s] Level 1:colcon.colcon_core.environment:checking '/home/ap432/Mart-Cart-Project/install/tiago_simulation/lib/pkgconfig/tiago_simulation.pc'
[16.132s] Level 1:colcon.colcon_core.environment:checking '/home/ap432/Mart-Cart-Project/install/tiago_simulation/lib/python3.10/site-packages'
[16.132s] Level 1:colcon.colcon_core.environment:checking '/home/ap432/Mart-Cart-Project/install/tiago_simulation/bin'
[16.132s] INFO:colcon.colcon_core.shell:Creating package script '/home/ap432/Mart-Cart-Project/install/tiago_simulation/share/tiago_simulation/package.ps1'
[16.132s] INFO:colcon.colcon_core.shell:Creating package descriptor '/home/ap432/Mart-Cart-Project/install/tiago_simulation/share/tiago_simulation/package.dsv'
[16.133s] INFO:colcon.colcon_core.shell:Creating package script '/home/ap432/Mart-Cart-Project/install/tiago_simulation/share/tiago_simulation/package.sh'
[16.133s] INFO:colcon.colcon_core.shell:Creating package script '/home/ap432/Mart-Cart-Project/install/tiago_simulation/share/tiago_simulation/package.bash'
[16.133s] INFO:colcon.colcon_core.shell:Creating package script '/home/ap432/Mart-Cart-Project/install/tiago_simulation/share/tiago_simulation/package.zsh'
[16.134s] Level 1:colcon.colcon_core.environment:create_file_with_runtime_dependencies(/home/ap432/Mart-Cart-Project/install/tiago_simulation/share/colcon-core/packages/tiago_simulation)
[16.134s] Level 1:colcon.colcon_core.environment:create_environment_scripts_only(tiago_simulation)
[16.134s] Level 1:colcon.colcon_core.environment:checking '/home/ap432/Mart-Cart-Project/install/tiago_simulation' for CMake module files
[16.135s] Level 1:colcon.colcon_core.environment:checking '/home/ap432/Mart-Cart-Project/install/tiago_simulation' for CMake config files
[16.135s] Level 1:colcon.colcon_core.shell:create_environment_hook('tiago_simulation', 'cmake_prefix_path')
[16.135s] INFO:colcon.colcon_core.shell:Creating environment hook '/home/ap432/Mart-Cart-Project/install/tiago_simulation/share/tiago_simulation/hook/cmake_prefix_path.ps1'
[16.135s] INFO:colcon.colcon_core.shell:Creating environment descriptor '/home/ap432/Mart-Cart-Project/install/tiago_simulation/share/tiago_simulation/hook/cmake_prefix_path.dsv'
[16.135s] INFO:colcon.colcon_core.shell:Creating environment hook '/home/ap432/Mart-Cart-Project/install/tiago_simulation/share/tiago_simulation/hook/cmake_prefix_path.sh'
[16.136s] Level 1:colcon.colcon_core.environment:checking '/home/ap432/Mart-Cart-Project/install/tiago_simulation/bin'
[16.136s] Level 1:colcon.colcon_core.environment:checking '/home/ap432/Mart-Cart-Project/install/tiago_simulation/lib/pkgconfig/tiago_simulation.pc'
[16.136s] Level 1:colcon.colcon_core.environment:checking '/home/ap432/Mart-Cart-Project/install/tiago_simulation/lib/python3.10/site-packages'
[16.136s] Level 1:colcon.colcon_core.environment:checking '/home/ap432/Mart-Cart-Project/install/tiago_simulation/bin'
[16.137s] INFO:colcon.colcon_core.shell:Creating package script '/home/ap432/Mart-Cart-Project/install/tiago_simulation/share/tiago_simulation/package.ps1'
[16.137s] INFO:colcon.colcon_core.shell:Creating package descriptor '/home/ap432/Mart-Cart-Project/install/tiago_simulation/share/tiago_simulation/package.dsv'
[16.137s] INFO:colcon.colcon_core.shell:Creating package script '/home/ap432/Mart-Cart-Project/install/tiago_simulation/share/tiago_simulation/package.sh'
[16.138s] INFO:colcon.colcon_core.shell:Creating package script '/home/ap432/Mart-Cart-Project/install/tiago_simulation/share/tiago_simulation/package.bash'
[16.138s] INFO:colcon.colcon_core.shell:Creating package script '/home/ap432/Mart-Cart-Project/install/tiago_simulation/share/tiago_simulation/package.zsh'
[16.138s] Level 1:colcon.colcon_core.environment:create_file_with_runtime_dependencies(/home/ap432/Mart-Cart-Project/install/tiago_simulation/share/colcon-core/packages/tiago_simulation)
[16.139s] DEBUG:colcon.colcon_parallel_executor.executor.parallel:closing loop
[16.139s] DEBUG:colcon.colcon_parallel_executor.executor.parallel:loop closed
[16.139s] DEBUG:colcon.colcon_parallel_executor.executor.parallel:run_until_complete finished with '0'
[16.140s] DEBUG:colcon.colcon_core.event_reactor:joining thread
[16.143s] INFO:colcon.colcon_core.plugin_system:Skipping extension 'colcon_notification.desktop_notification.notify_send': Could not find 'notify-send'
[16.144s] INFO:colcon.colcon_core.plugin_system:Skipping extension 'colcon_notification.desktop_notification.terminal_notifier': Not used on non-Darwin systems
[16.144s] INFO:colcon.colcon_core.plugin_system:Skipping extension 'colcon_notification.desktop_notification.win32': Not used on non-Windows systems
[16.144s] INFO:colcon.colcon_notification.desktop_notification:Sending desktop notification using 'notify2'
[16.144s] DEBUG:colcon.colcon_notification.desktop_notification.notify2:Failed to initialize notify2: org.freedesktop.DBus.Error.FileNotFound: Failed to connect to socket /run/user/1000/bus: No such file or directory
[16.144s] DEBUG:colcon.colcon_core.event_reactor:joined thread
[16.144s] INFO:colcon.colcon_core.shell:Creating prefix script '/home/ap432/Mart-Cart-Project/install/local_setup.ps1'
[16.145s] INFO:colcon.colcon_core.shell:Creating prefix util module '/home/ap432/Mart-Cart-Project/install/_local_setup_util_ps1.py'
[16.146s] INFO:colcon.colcon_core.shell:Creating prefix chain script '/home/ap432/Mart-Cart-Project/install/setup.ps1'
[16.147s] INFO:colcon.colcon_core.shell:Creating prefix script '/home/ap432/Mart-Cart-Project/install/local_setup.sh'
[16.148s] INFO:colcon.colcon_core.shell:Creating prefix util module '/home/ap432/Mart-Cart-Project/install/_local_setup_util_sh.py'
[16.149s] INFO:colcon.colcon_core.shell:Creating prefix chain script '/home/ap432/Mart-Cart-Project/install/setup.sh'
[16.150s] INFO:colcon.colcon_core.shell:Creating prefix script '/home/ap432/Mart-Cart-Project/install/local_setup.bash'
[16.150s] INFO:colcon.colcon_core.shell:Creating prefix chain script '/home/ap432/Mart-Cart-Project/install/setup.bash'
[16.151s] INFO:colcon.colcon_core.shell:Creating prefix script '/home/ap432/Mart-Cart-Project/install/local_setup.zsh'
[16.152s] INFO:colcon.colcon_core.shell:Creating prefix chain script '/home/ap432/Mart-Cart-Project/install/setup.zsh'
