[0.011s] Invoking command in '/home/ap432/Mart-Cart-Project/build/tiago_description': CMAKE_PREFIX_PATH=/home/ap432/ros2_ws/install/slam:/home/ap432/ros2_ws/install/nav2:/home/ap432/ros2_ws/install/sensor:/home/ap432/ros2_ws/install/robot_description:/home/ap432/ros2_ws/install/multi_robot:/home/ap432/ros2_ws/install/gazebo_simulation:/home/ap432/ros2_ws/install/basics:/opt/ros/humble:${CMAKE_PREFIX_PATH} /usr/bin/cmake /home/ap432/Mart-Cart-Project/tiago_robot/tiago_description -DAMENT_CMAKE_SYMLINK_INSTALL=1 -DCMAKE_INSTALL_PREFIX=/home/ap432/Mart-Cart-Project/install/tiago_description
[0.139s] -- The C compiler identification is GNU 11.4.0
[0.232s] -- The CXX compiler identification is GNU 11.4.0
[0.243s] -- Detecting C compiler ABI info
[0.298s] -- Detecting C compiler ABI info - done
[0.304s] -- Check for working C compiler: /usr/bin/cc - skipped
[0.304s] -- Detecting C compile features
[0.304s] -- Detecting C compile features - done
[0.306s] -- Detecting CXX compiler ABI info
[0.372s] -- Detecting CXX compiler ABI info - done
[0.377s] -- Check for working CXX compiler: /usr/bin/c++ - skipped
[0.378s] -- Detecting CXX compile features
[0.378s] -- Detecting CXX compile features - done
[0.382s] -- Found ament_cmake_auto: 1.3.14 (/opt/ros/humble/share/ament_cmake_auto/cmake)
[0.534s] -- Found Python3: /usr/bin/python3 (found version "3.10.12") found components: Interpreter 
[0.596s] -- Override CMake install command with custom implementation using symlinks instead of copying resources
[0.691s] -- Found ament_lint_auto: 0.12.15 (/opt/ros/humble/share/ament_lint_auto/cmake)
[0.754s] -- Found python_cmake_module: 0.10.0 (/opt/ros/humble/share/python_cmake_module/cmake)
[0.785s] -- Found PythonInterp: /usr/bin/python3 (found suitable version "3.10.12", minimum required is "3.6") 
[0.805s] -- Found PythonLibs: /usr/lib/x86_64-linux-gnu/libpython3.10.so (found suitable version "3.10.12", minimum required is "3.5") 
[0.805s] -- Using PYTHON_EXECUTABLE: /usr/bin/python3
[0.805s] -- Using PYTHON_INCLUDE_DIRS: /usr/include/python3.10
[0.805s] -- Using PYTHON_LIBRARIES: /usr/lib/x86_64-linux-gnu/libpython3.10.so
[0.822s] -- Found PythonExtra: .so  
[1.329s] -- Added test 'copyright' to check source files copyright and LICENSE
[1.332s] -- Added test 'flake8' to check Python code syntax and style conventions
[1.333s] -- Added test 'lint_cmake' to check CMake code style
[1.334s] -- Added test 'pep257' to check Python code against some of the docstring style conventions in PEP 257
[1.336s] -- Added test 'xmllint' to check XML markup files
[1.338s] -- Configuring done
[1.341s] -- Generating done
[1.342s] -- Build files have been written to: /home/ap432/Mart-Cart-Project/build/tiago_description
[1.348s] Invoked command in '/home/ap432/Mart-Cart-Project/build/tiago_description' returned '0': CMAKE_PREFIX_PATH=/home/ap432/ros2_ws/install/slam:/home/ap432/ros2_ws/install/nav2:/home/ap432/ros2_ws/install/sensor:/home/ap432/ros2_ws/install/robot_description:/home/ap432/ros2_ws/install/multi_robot:/home/ap432/ros2_ws/install/gazebo_simulation:/home/ap432/ros2_ws/install/basics:/opt/ros/humble:${CMAKE_PREFIX_PATH} /usr/bin/cmake /home/ap432/Mart-Cart-Project/tiago_robot/tiago_description -DAMENT_CMAKE_SYMLINK_INSTALL=1 -DCMAKE_INSTALL_PREFIX=/home/ap432/Mart-Cart-Project/install/tiago_description
[1.349s] Invoking command in '/home/ap432/Mart-Cart-Project/build/tiago_description': CMAKE_PREFIX_PATH=/home/ap432/ros2_ws/install/slam:/home/ap432/ros2_ws/install/nav2:/home/ap432/ros2_ws/install/sensor:/home/ap432/ros2_ws/install/robot_description:/home/ap432/ros2_ws/install/multi_robot:/home/ap432/ros2_ws/install/gazebo_simulation:/home/ap432/ros2_ws/install/basics:/opt/ros/humble:${CMAKE_PREFIX_PATH} /usr/bin/cmake --build /home/ap432/Mart-Cart-Project/build/tiago_description -- -j22 -l22
[1.380s] Built target ament_cmake_python_symlink_tiago_description
[1.600s] running egg_info
[1.601s] creating tiago_description.egg-info
[1.602s] writing tiago_description.egg-info/PKG-INFO
[1.602s] writing dependency_links to tiago_description.egg-info/dependency_links.txt
[1.602s] writing top-level names to tiago_description.egg-info/top_level.txt
[1.602s] writing manifest file 'tiago_description.egg-info/SOURCES.txt'
[1.604s] reading manifest file 'tiago_description.egg-info/SOURCES.txt'
[1.605s] writing manifest file 'tiago_description.egg-info/SOURCES.txt'
[1.633s] Built target ament_cmake_python_build_tiago_description_egg
[1.641s] Invoked command in '/home/ap432/Mart-Cart-Project/build/tiago_description' returned '0': CMAKE_PREFIX_PATH=/home/ap432/ros2_ws/install/slam:/home/ap432/ros2_ws/install/nav2:/home/ap432/ros2_ws/install/sensor:/home/ap432/ros2_ws/install/robot_description:/home/ap432/ros2_ws/install/multi_robot:/home/ap432/ros2_ws/install/gazebo_simulation:/home/ap432/ros2_ws/install/basics:/opt/ros/humble:${CMAKE_PREFIX_PATH} /usr/bin/cmake --build /home/ap432/Mart-Cart-Project/build/tiago_description -- -j22 -l22
[1.643s] Invoking command in '/home/ap432/Mart-Cart-Project/build/tiago_description': CMAKE_PREFIX_PATH=/home/ap432/ros2_ws/install/slam:/home/ap432/ros2_ws/install/nav2:/home/ap432/ros2_ws/install/sensor:/home/ap432/ros2_ws/install/robot_description:/home/ap432/ros2_ws/install/multi_robot:/home/ap432/ros2_ws/install/gazebo_simulation:/home/ap432/ros2_ws/install/basics:/opt/ros/humble:${CMAKE_PREFIX_PATH} /usr/bin/cmake --install /home/ap432/Mart-Cart-Project/build/tiago_description
[1.647s] -- Install configuration: ""
[1.647s] -- Execute custom install script
[1.647s] -- Symlinking: /home/ap432/Mart-Cart-Project/install/tiago_description/share/tiago_description/environment/pythonpath.sh
[1.652s] -- Symlinking: /home/ap432/Mart-Cart-Project/install/tiago_description/share/tiago_description/environment/pythonpath.dsv
[1.660s] -- Symlinking: /home/ap432/Mart-Cart-Project/install/tiago_description/local/lib/python3.10/dist-packages/tiago_description-5.0.0-py3.10.egg-info/PKG-INFO
[1.665s] -- Symlinking: /home/ap432/Mart-Cart-Project/install/tiago_description/local/lib/python3.10/dist-packages/tiago_description-5.0.0-py3.10.egg-info/SOURCES.txt
[1.670s] -- Symlinking: /home/ap432/Mart-Cart-Project/install/tiago_description/local/lib/python3.10/dist-packages/tiago_description-5.0.0-py3.10.egg-info/dependency_links.txt
[1.675s] -- Symlinking: /home/ap432/Mart-Cart-Project/install/tiago_description/local/lib/python3.10/dist-packages/tiago_description-5.0.0-py3.10.egg-info/top_level.txt
[1.685s] -- Symlinking: /home/ap432/Mart-Cart-Project/install/tiago_description/local/lib/python3.10/dist-packages/tiago_description/__init__.py
[1.694s] -- Symlinking: /home/ap432/Mart-Cart-Project/install/tiago_description/local/lib/python3.10/dist-packages/tiago_description/launch_arguments.py
[1.701s] -- Symlinking: /home/ap432/Mart-Cart-Project/install/tiago_description/local/lib/python3.10/dist-packages/tiago_description/tiago_launch_utils.py
[1.707s] -- Symlinking: /home/ap432/Mart-Cart-Project/install/tiago_description/share/tiago_description/launch/robot_state_publisher.launch.py
[1.713s] -- Symlinking: /home/ap432/Mart-Cart-Project/install/tiago_description/share/tiago_description/launch/show.launch.py
[1.719s] -- Symlinking: /home/ap432/Mart-Cart-Project/install/tiago_description/share/tiago_description/meshes/arm/arm_1.stl
[1.724s] -- Symlinking: /home/ap432/Mart-Cart-Project/install/tiago_description/share/tiago_description/meshes/arm/arm_1_collision.dae
[1.728s] -- Symlinking: /home/ap432/Mart-Cart-Project/install/tiago_description/share/tiago_description/meshes/arm/arm_1_color.png
[1.733s] -- Symlinking: /home/ap432/Mart-Cart-Project/install/tiago_description/share/tiago_description/meshes/arm/arm_1_normals.png
[1.738s] -- Symlinking: /home/ap432/Mart-Cart-Project/install/tiago_description/share/tiago_description/meshes/arm/arm_1_specular.png
[1.742s] -- Symlinking: /home/ap432/Mart-Cart-Project/install/tiago_description/share/tiago_description/meshes/arm/arm_2.stl
[1.747s] -- Symlinking: /home/ap432/Mart-Cart-Project/install/tiago_description/share/tiago_description/meshes/arm/arm_2_collision.dae
[1.752s] -- Symlinking: /home/ap432/Mart-Cart-Project/install/tiago_description/share/tiago_description/meshes/arm/arm_2_color.png
[1.756s] -- Symlinking: /home/ap432/Mart-Cart-Project/install/tiago_description/share/tiago_description/meshes/arm/arm_2_normals.png
[1.762s] -- Symlinking: /home/ap432/Mart-Cart-Project/install/tiago_description/share/tiago_description/meshes/arm/arm_2_specular.png
[1.769s] -- Symlinking: /home/ap432/Mart-Cart-Project/install/tiago_description/share/tiago_description/meshes/arm/arm_3.stl
[1.773s] -- Symlinking: /home/ap432/Mart-Cart-Project/install/tiago_description/share/tiago_description/meshes/arm/arm_3_collision.dae
[1.779s] -- Symlinking: /home/ap432/Mart-Cart-Project/install/tiago_description/share/tiago_description/meshes/arm/arm_3_color.png
[1.783s] -- Symlinking: /home/ap432/Mart-Cart-Project/install/tiago_description/share/tiago_description/meshes/arm/arm_3_normals.png
[1.788s] -- Symlinking: /home/ap432/Mart-Cart-Project/install/tiago_description/share/tiago_description/meshes/arm/arm_3_specular.png
[1.795s] -- Symlinking: /home/ap432/Mart-Cart-Project/install/tiago_description/share/tiago_description/meshes/arm/arm_4.stl
[1.799s] -- Symlinking: /home/ap432/Mart-Cart-Project/install/tiago_description/share/tiago_description/meshes/arm/arm_4_collision.dae
[1.804s] -- Symlinking: /home/ap432/Mart-Cart-Project/install/tiago_description/share/tiago_description/meshes/arm/arm_4_collision.stl
[1.809s] -- Symlinking: /home/ap432/Mart-Cart-Project/install/tiago_description/share/tiago_description/meshes/arm/arm_4_color.png
[1.813s] -- Symlinking: /home/ap432/Mart-Cart-Project/install/tiago_description/share/tiago_description/meshes/arm/arm_4_normals.png
[1.818s] -- Symlinking: /home/ap432/Mart-Cart-Project/install/tiago_description/share/tiago_description/meshes/arm/arm_4_specular.png
[1.828s] -- Symlinking: /home/ap432/Mart-Cart-Project/install/tiago_description/share/tiago_description/meshes/arm/arm_5-wrist-2010.stl
[1.833s] -- Symlinking: /home/ap432/Mart-Cart-Project/install/tiago_description/share/tiago_description/meshes/arm/arm_5-wrist-2017.stl
[1.838s] -- Symlinking: /home/ap432/Mart-Cart-Project/install/tiago_description/share/tiago_description/meshes/arm/arm_5_collision-wrist-2010.dae
[1.843s] -- Symlinking: /home/ap432/Mart-Cart-Project/install/tiago_description/share/tiago_description/meshes/arm/arm_5_collision-wrist-2017.dae
[1.848s] -- Symlinking: /home/ap432/Mart-Cart-Project/install/tiago_description/share/tiago_description/meshes/arm/arm_6-wrist-2010.stl
[1.852s] -- Symlinking: /home/ap432/Mart-Cart-Project/install/tiago_description/share/tiago_description/meshes/arm/arm_6-wrist-2017.stl
[1.857s] -- Symlinking: /home/ap432/Mart-Cart-Project/install/tiago_description/share/tiago_description/meshes/arm/arm_6_collision-wrist-2010.dae
[1.861s] -- Symlinking: /home/ap432/Mart-Cart-Project/install/tiago_description/share/tiago_description/meshes/arm/arm_6_collision-wrist-2017.dae
[1.865s] -- Symlinking: /home/ap432/Mart-Cart-Project/install/tiago_description/share/tiago_description/meshes/arm/arm_6_color.png
[1.870s] -- Symlinking: /home/ap432/Mart-Cart-Project/install/tiago_description/share/tiago_description/meshes/arm/arm_6_normals.png
[1.875s] -- Symlinking: /home/ap432/Mart-Cart-Project/install/tiago_description/share/tiago_description/meshes/arm/arm_6_specular.png
[1.880s] -- Symlinking: /home/ap432/Mart-Cart-Project/install/tiago_description/share/tiago_description/meshes/head/head_1.stl
[1.885s] -- Symlinking: /home/ap432/Mart-Cart-Project/install/tiago_description/share/tiago_description/meshes/head/head_1_collision.dae
[1.889s] -- Symlinking: /home/ap432/Mart-Cart-Project/install/tiago_description/share/tiago_description/meshes/head/head_2.stl
[1.894s] -- Symlinking: /home/ap432/Mart-Cart-Project/install/tiago_description/share/tiago_description/meshes/head/head_2_collision.dae
[1.903s] -- Symlinking: /home/ap432/Mart-Cart-Project/install/tiago_description/share/tiago_description/meshes/torso/tiago_screen.stl
[1.908s] -- Symlinking: /home/ap432/Mart-Cart-Project/install/tiago_description/share/tiago_description/meshes/torso/tiago_screen_collision.stl
[1.913s] -- Symlinking: /home/ap432/Mart-Cart-Project/install/tiago_description/share/tiago_description/meshes/torso/torso_fix.stl
[1.918s] -- Symlinking: /home/ap432/Mart-Cart-Project/install/tiago_description/share/tiago_description/meshes/torso/torso_lift_collision.dae
[1.923s] -- Symlinking: /home/ap432/Mart-Cart-Project/install/tiago_description/share/tiago_description/meshes/torso/torso_lift_collision_core.dae
[1.928s] -- Symlinking: /home/ap432/Mart-Cart-Project/install/tiago_description/share/tiago_description/meshes/torso/torso_lift_collision_neck.dae
[1.933s] -- Symlinking: /home/ap432/Mart-Cart-Project/install/tiago_description/share/tiago_description/meshes/torso/torso_lift_collision_shoulder.dae
[1.938s] -- Symlinking: /home/ap432/Mart-Cart-Project/install/tiago_description/share/tiago_description/meshes/torso/torso_lift_with_arm.stl
[1.943s] -- Symlinking: /home/ap432/Mart-Cart-Project/install/tiago_description/share/tiago_description/meshes/torso/torso_lift_without_arm.stl
[1.948s] -- Symlinking: /home/ap432/Mart-Cart-Project/install/tiago_description/share/tiago_description/robots/tiago.urdf.xacro
[1.954s] -- Symlinking: /home/ap432/Mart-Cart-Project/install/tiago_description/share/tiago_description/ros2_control/gazebo_controller_manager_cfg.yaml
[1.960s] -- Symlinking: /home/ap432/Mart-Cart-Project/install/tiago_description/share/tiago_description/ros2_control/ros2_control.urdf.xacro
[1.965s] -- Symlinking: /home/ap432/Mart-Cart-Project/install/tiago_description/share/tiago_description/ros2_control/transmissions.urdf.xacro
[1.970s] -- Symlinking: /home/ap432/Mart-Cart-Project/install/tiago_description/share/tiago_description/urdf/arm/arm.ros2_control.xacro
[1.974s] -- Symlinking: /home/ap432/Mart-Cart-Project/install/tiago_description/share/tiago_description/urdf/arm/arm.urdf.xacro
[1.979s] -- Symlinking: /home/ap432/Mart-Cart-Project/install/tiago_description/share/tiago_description/urdf/arm/wrist.ros2_control.xacro
[1.983s] -- Symlinking: /home/ap432/Mart-Cart-Project/install/tiago_description/share/tiago_description/urdf/arm/wrist.urdf.xacro
[1.988s] -- Symlinking: /home/ap432/Mart-Cart-Project/install/tiago_description/share/tiago_description/urdf/calibration/camera_extrinsic_calibration.urdf.xacro
[1.993s] -- Symlinking: /home/ap432/Mart-Cart-Project/install/tiago_description/share/tiago_description/urdf/calibration/camera_extrinsic_calibration.urdf.xacro.j2
[1.999s] -- Symlinking: /home/ap432/Mart-Cart-Project/install/tiago_description/share/tiago_description/urdf/calibration/eye_hand_calibration.urdf.xacro
[2.004s] -- Symlinking: /home/ap432/Mart-Cart-Project/install/tiago_description/share/tiago_description/urdf/calibration/eye_hand_calibration.urdf.xacro.j2
[2.010s] -- Symlinking: /home/ap432/Mart-Cart-Project/install/tiago_description/share/tiago_description/urdf/end_effector/end_effector.urdf.xacro
[2.015s] -- Symlinking: /home/ap432/Mart-Cart-Project/install/tiago_description/share/tiago_description/urdf/head/head.ros2_control.xacro
[2.020s] -- Symlinking: /home/ap432/Mart-Cart-Project/install/tiago_description/share/tiago_description/urdf/head/head.urdf.xacro
[2.027s] -- Symlinking: /home/ap432/Mart-Cart-Project/install/tiago_description/share/tiago_description/urdf/torso/torso.ros2_control.xacro
[2.032s] -- Symlinking: /home/ap432/Mart-Cart-Project/install/tiago_description/share/tiago_description/urdf/torso/torso.urdf.xacro
[2.037s] -- Symlinking: /home/ap432/Mart-Cart-Project/install/tiago_description/share/tiago_description/config/tiago.rviz
[2.043s] -- Symlinking: /home/ap432/Mart-Cart-Project/install/tiago_description/share/tiago_description/config/tiago_configuration.yaml
[2.051s] -- Symlinking: /home/ap432/Mart-Cart-Project/install/tiago_description/share/tiago_description/config/urdf.rviz
[2.056s] -- Symlinking: /home/ap432/Mart-Cart-Project/install/tiago_description/share/ament_index/resource_index/package_run_dependencies/tiago_description
[2.061s] -- Symlinking: /home/ap432/Mart-Cart-Project/install/tiago_description/share/ament_index/resource_index/parent_prefix_path/tiago_description
[2.066s] -- Symlinking: /home/ap432/Mart-Cart-Project/install/tiago_description/share/tiago_description/environment/ament_prefix_path.sh
[2.070s] -- Symlinking: /home/ap432/Mart-Cart-Project/install/tiago_description/share/tiago_description/environment/ament_prefix_path.dsv
[2.076s] -- Symlinking: /home/ap432/Mart-Cart-Project/install/tiago_description/share/tiago_description/environment/path.sh
[2.080s] -- Symlinking: /home/ap432/Mart-Cart-Project/install/tiago_description/share/tiago_description/environment/path.dsv
[2.085s] -- Symlinking: /home/ap432/Mart-Cart-Project/install/tiago_description/share/tiago_description/local_setup.bash
[2.092s] -- Symlinking: /home/ap432/Mart-Cart-Project/install/tiago_description/share/tiago_description/local_setup.sh
[2.098s] -- Symlinking: /home/ap432/Mart-Cart-Project/install/tiago_description/share/tiago_description/local_setup.zsh
[2.104s] -- Symlinking: /home/ap432/Mart-Cart-Project/install/tiago_description/share/tiago_description/local_setup.dsv
[2.116s] -- Symlinking: /home/ap432/Mart-Cart-Project/install/tiago_description/share/tiago_description/package.dsv
[2.122s] -- Symlinking: /home/ap432/Mart-Cart-Project/install/tiago_description/share/ament_index/resource_index/packages/tiago_description
[2.127s] -- Symlinking: /home/ap432/Mart-Cart-Project/install/tiago_description/share/tiago_description/cmake/tiago_descriptionConfig.cmake
[2.132s] -- Symlinking: /home/ap432/Mart-Cart-Project/install/tiago_description/share/tiago_description/cmake/tiago_descriptionConfig-version.cmake
[2.138s] -- Symlinking: /home/ap432/Mart-Cart-Project/install/tiago_description/share/tiago_description/package.xml
[2.187s] Listing '/home/ap432/Mart-Cart-Project/install/tiago_description/local/lib/python3.10/dist-packages/tiago_description'...
[2.188s] Compiling '/home/ap432/Mart-Cart-Project/install/tiago_description/local/lib/python3.10/dist-packages/tiago_description/__init__.py'...
[2.188s] Compiling '/home/ap432/Mart-Cart-Project/install/tiago_description/local/lib/python3.10/dist-packages/tiago_description/launch_arguments.py'...
[2.188s] Compiling '/home/ap432/Mart-Cart-Project/install/tiago_description/local/lib/python3.10/dist-packages/tiago_description/tiago_launch_utils.py'...
[2.195s] Invoked command in '/home/ap432/Mart-Cart-Project/build/tiago_description' returned '0': CMAKE_PREFIX_PATH=/home/ap432/ros2_ws/install/slam:/home/ap432/ros2_ws/install/nav2:/home/ap432/ros2_ws/install/sensor:/home/ap432/ros2_ws/install/robot_description:/home/ap432/ros2_ws/install/multi_robot:/home/ap432/ros2_ws/install/gazebo_simulation:/home/ap432/ros2_ws/install/basics:/opt/ros/humble:${CMAKE_PREFIX_PATH} /usr/bin/cmake --install /home/ap432/Mart-Cart-Project/build/tiago_description
