[0.025s] Invoking command in '/home/ap432/Mart-Cart-Project/build/tiago_controller_configuration': CMAKE_PREFIX_PATH=/home/ap432/ros2_ws/install/slam:/home/ap432/ros2_ws/install/nav2:/home/ap432/ros2_ws/install/sensor:/home/ap432/ros2_ws/install/robot_description:/home/ap432/ros2_ws/install/multi_robot:/home/ap432/ros2_ws/install/gazebo_simulation:/home/ap432/ros2_ws/install/basics:/opt/ros/humble:${CMAKE_PREFIX_PATH} /usr/bin/cmake --build /home/ap432/Mart-Cart-Project/build/tiago_controller_configuration -- -j22 -l22
[0.069s] Invoked command in '/home/ap432/Mart-Cart-Project/build/tiago_controller_configuration' returned '0': CMAKE_PREFIX_PATH=/home/ap432/ros2_ws/install/slam:/home/ap432/ros2_ws/install/nav2:/home/ap432/ros2_ws/install/sensor:/home/ap432/ros2_ws/install/robot_description:/home/ap432/ros2_ws/install/multi_robot:/home/ap432/ros2_ws/install/gazebo_simulation:/home/ap432/ros2_ws/install/basics:/opt/ros/humble:${CMAKE_PREFIX_PATH} /usr/bin/cmake --build /home/ap432/Mart-Cart-Project/build/tiago_controller_configuration -- -j22 -l22
[0.074s] Invoking command in '/home/ap432/Mart-Cart-Project/build/tiago_controller_configuration': CMAKE_PREFIX_PATH=/home/ap432/ros2_ws/install/slam:/home/ap432/ros2_ws/install/nav2:/home/ap432/ros2_ws/install/sensor:/home/ap432/ros2_ws/install/robot_description:/home/ap432/ros2_ws/install/multi_robot:/home/ap432/ros2_ws/install/gazebo_simulation:/home/ap432/ros2_ws/install/basics:/opt/ros/humble:${CMAKE_PREFIX_PATH} /usr/bin/cmake --install /home/ap432/Mart-Cart-Project/build/tiago_controller_configuration
[0.078s] -- Install configuration: ""
[0.079s] -- Execute custom install script
[0.080s] -- Up-to-date symlink: /home/ap432/Mart-Cart-Project/install/tiago_controller_configuration/share/tiago_controller_configuration/config/arm_controller.yaml
[0.080s] -- Up-to-date symlink: /home/ap432/Mart-Cart-Project/install/tiago_controller_configuration/share/tiago_controller_configuration/config/ft_sensor_controller.yaml
[0.081s] -- Up-to-date symlink: /home/ap432/Mart-Cart-Project/install/tiago_controller_configuration/share/tiago_controller_configuration/config/gravity_compensation_controller_ilm.yaml
[0.081s] -- Up-to-date symlink: /home/ap432/Mart-Cart-Project/install/tiago_controller_configuration/share/tiago_controller_configuration/config/gravity_compensation_controller_parker.yaml
[0.081s] -- Up-to-date symlink: /home/ap432/Mart-Cart-Project/install/tiago_controller_configuration/share/tiago_controller_configuration/config/head_controller.yaml
[0.081s] -- Up-to-date symlink: /home/ap432/Mart-Cart-Project/install/tiago_controller_configuration/share/tiago_controller_configuration/config/joint_state_broadcaster.yaml
[0.081s] -- Up-to-date symlink: /home/ap432/Mart-Cart-Project/install/tiago_controller_configuration/share/tiago_controller_configuration/config/torso_controller.yaml
[0.082s] -- Up-to-date symlink: /home/ap432/Mart-Cart-Project/install/tiago_controller_configuration/share/tiago_controller_configuration/launch/default_controllers.launch.py
[0.082s] -- Up-to-date symlink: /home/ap432/Mart-Cart-Project/install/tiago_controller_configuration/share/tiago_controller_configuration/launch/gravity_compensation_controller.launch.py
[0.082s] -- Up-to-date symlink: /home/ap432/Mart-Cart-Project/install/tiago_controller_configuration/share/ament_index/resource_index/package_run_dependencies/tiago_controller_configuration
[0.082s] -- Up-to-date symlink: /home/ap432/Mart-Cart-Project/install/tiago_controller_configuration/share/ament_index/resource_index/parent_prefix_path/tiago_controller_configuration
[0.082s] -- Up-to-date symlink: /home/ap432/Mart-Cart-Project/install/tiago_controller_configuration/share/tiago_controller_configuration/environment/ament_prefix_path.sh
[0.082s] -- Up-to-date symlink: /home/ap432/Mart-Cart-Project/install/tiago_controller_configuration/share/tiago_controller_configuration/environment/ament_prefix_path.dsv
[0.082s] -- Up-to-date symlink: /home/ap432/Mart-Cart-Project/install/tiago_controller_configuration/share/tiago_controller_configuration/environment/path.sh
[0.083s] -- Up-to-date symlink: /home/ap432/Mart-Cart-Project/install/tiago_controller_configuration/share/tiago_controller_configuration/environment/path.dsv
[0.083s] -- Up-to-date symlink: /home/ap432/Mart-Cart-Project/install/tiago_controller_configuration/share/tiago_controller_configuration/local_setup.bash
[0.084s] -- Up-to-date symlink: /home/ap432/Mart-Cart-Project/install/tiago_controller_configuration/share/tiago_controller_configuration/local_setup.sh
[0.084s] -- Up-to-date symlink: /home/ap432/Mart-Cart-Project/install/tiago_controller_configuration/share/tiago_controller_configuration/local_setup.zsh
[0.084s] -- Up-to-date symlink: /home/ap432/Mart-Cart-Project/install/tiago_controller_configuration/share/tiago_controller_configuration/local_setup.dsv
[0.084s] -- Symlinking: /home/ap432/Mart-Cart-Project/install/tiago_controller_configuration/share/tiago_controller_configuration/package.dsv
[0.089s] -- Up-to-date symlink: /home/ap432/Mart-Cart-Project/install/tiago_controller_configuration/share/ament_index/resource_index/packages/tiago_controller_configuration
[0.089s] -- Up-to-date symlink: /home/ap432/Mart-Cart-Project/install/tiago_controller_configuration/share/tiago_controller_configuration/cmake/tiago_controller_configurationConfig.cmake
[0.089s] -- Up-to-date symlink: /home/ap432/Mart-Cart-Project/install/tiago_controller_configuration/share/tiago_controller_configuration/cmake/tiago_controller_configurationConfig-version.cmake
[0.089s] -- Up-to-date symlink: /home/ap432/Mart-Cart-Project/install/tiago_controller_configuration/share/tiago_controller_configuration/package.xml
[0.091s] Invoked command in '/home/ap432/Mart-Cart-Project/build/tiago_controller_configuration' returned '0': CMAKE_PREFIX_PATH=/home/ap432/ros2_ws/install/slam:/home/ap432/ros2_ws/install/nav2:/home/ap432/ros2_ws/install/sensor:/home/ap432/ros2_ws/install/robot_description:/home/ap432/ros2_ws/install/multi_robot:/home/ap432/ros2_ws/install/gazebo_simulation:/home/ap432/ros2_ws/install/basics:/opt/ros/humble:${CMAKE_PREFIX_PATH} /usr/bin/cmake --install /home/ap432/Mart-Cart-Project/build/tiago_controller_configuration
