[0.009s] Invoking command in '/home/ap432/Mart-Cart-Project/build/tiago_simulation': AMENT_PREFIX_PATH=/home/ap432/Mart-Cart-Project/install/tiago_gazebo:/home/ap432/Mart-Cart-Project/install/tiago_bringup:/home/ap432/Mart-Cart-Project/install/tiago_description:/home/ap432/Mart-Cart-Project/install/tiago_controller_configuration:${AMENT_PREFIX_PATH} CMAKE_PREFIX_PATH=/home/ap432/Mart-Cart-Project/install/tiago_gazebo:/home/ap432/Mart-Cart-Project/install/tiago_bringup:/home/ap432/Mart-Cart-Project/install/tiago_description:/home/ap432/Mart-Cart-Project/install/tiago_controller_configuration:/home/ap432/ros2_ws/install/slam:/home/ap432/ros2_ws/install/nav2:/home/ap432/ros2_ws/install/sensor:/home/ap432/ros2_ws/install/robot_description:/home/ap432/ros2_ws/install/multi_robot:/home/ap432/ros2_ws/install/gazebo_simulation:/home/ap432/ros2_ws/install/basics:/opt/ros/humble:${CMAKE_PREFIX_PATH} PYTHONPATH=/home/ap432/Mart-Cart-Project/install/tiago_description/local/lib/python3.10/dist-packages:${PYTHONPATH} /usr/bin/cmake /home/ap432/Mart-Cart-Project/tiago_simulation/tiago_simulation -DAMENT_CMAKE_SYMLINK_INSTALL=1 -DCMAKE_INSTALL_PREFIX=/home/ap432/Mart-Cart-Project/install/tiago_simulation
[0.049s] -- The C compiler identification is GNU 11.4.0
[0.088s] -- The CXX compiler identification is GNU 11.4.0
[0.093s] -- Detecting C compiler ABI info
[0.142s] -- Detecting C compiler ABI info - done
[0.146s] -- Check for working C compiler: /usr/bin/cc - skipped
[0.146s] -- Detecting C compile features
[0.147s] -- Detecting C compile features - done
[0.149s] -- Detecting CXX compiler ABI info
[0.211s] -- Detecting CXX compiler ABI info - done
[0.216s] -- Check for working CXX compiler: /usr/bin/c++ - skipped
[0.217s] -- Detecting CXX compile features
[0.217s] -- Detecting CXX compile features - done
[0.219s] -- Found ament_cmake: 1.3.14 (/opt/ros/humble/share/ament_cmake/cmake)
[0.370s] -- Found Python3: /usr/bin/python3 (found version "3.10.12") found components: Interpreter 
[0.427s] -- Override CMake install command with custom implementation using symlinks instead of copying resources
[0.516s] -- Configuring done
[0.519s] -- Generating done
[0.520s] -- Build files have been written to: /home/ap432/Mart-Cart-Project/build/tiago_simulation
[0.523s] Invoked command in '/home/ap432/Mart-Cart-Project/build/tiago_simulation' returned '0': AMENT_PREFIX_PATH=/home/ap432/Mart-Cart-Project/install/tiago_gazebo:/home/ap432/Mart-Cart-Project/install/tiago_bringup:/home/ap432/Mart-Cart-Project/install/tiago_description:/home/ap432/Mart-Cart-Project/install/tiago_controller_configuration:${AMENT_PREFIX_PATH} CMAKE_PREFIX_PATH=/home/ap432/Mart-Cart-Project/install/tiago_gazebo:/home/ap432/Mart-Cart-Project/install/tiago_bringup:/home/ap432/Mart-Cart-Project/install/tiago_description:/home/ap432/Mart-Cart-Project/install/tiago_controller_configuration:/home/ap432/ros2_ws/install/slam:/home/ap432/ros2_ws/install/nav2:/home/ap432/ros2_ws/install/sensor:/home/ap432/ros2_ws/install/robot_description:/home/ap432/ros2_ws/install/multi_robot:/home/ap432/ros2_ws/install/gazebo_simulation:/home/ap432/ros2_ws/install/basics:/opt/ros/humble:${CMAKE_PREFIX_PATH} PYTHONPATH=/home/ap432/Mart-Cart-Project/install/tiago_description/local/lib/python3.10/dist-packages:${PYTHONPATH} /usr/bin/cmake /home/ap432/Mart-Cart-Project/tiago_simulation/tiago_simulation -DAMENT_CMAKE_SYMLINK_INSTALL=1 -DCMAKE_INSTALL_PREFIX=/home/ap432/Mart-Cart-Project/install/tiago_simulation
[0.525s] Invoking command in '/home/ap432/Mart-Cart-Project/build/tiago_simulation': AMENT_PREFIX_PATH=/home/ap432/Mart-Cart-Project/install/tiago_gazebo:/home/ap432/Mart-Cart-Project/install/tiago_bringup:/home/ap432/Mart-Cart-Project/install/tiago_description:/home/ap432/Mart-Cart-Project/install/tiago_controller_configuration:${AMENT_PREFIX_PATH} CMAKE_PREFIX_PATH=/home/ap432/Mart-Cart-Project/install/tiago_gazebo:/home/ap432/Mart-Cart-Project/install/tiago_bringup:/home/ap432/Mart-Cart-Project/install/tiago_description:/home/ap432/Mart-Cart-Project/install/tiago_controller_configuration:/home/ap432/ros2_ws/install/slam:/home/ap432/ros2_ws/install/nav2:/home/ap432/ros2_ws/install/sensor:/home/ap432/ros2_ws/install/robot_description:/home/ap432/ros2_ws/install/multi_robot:/home/ap432/ros2_ws/install/gazebo_simulation:/home/ap432/ros2_ws/install/basics:/opt/ros/humble:${CMAKE_PREFIX_PATH} PYTHONPATH=/home/ap432/Mart-Cart-Project/install/tiago_description/local/lib/python3.10/dist-packages:${PYTHONPATH} /usr/bin/cmake --build /home/ap432/Mart-Cart-Project/build/tiago_simulation -- -j22 -l22
[0.549s] Invoked command in '/home/ap432/Mart-Cart-Project/build/tiago_simulation' returned '0': AMENT_PREFIX_PATH=/home/ap432/Mart-Cart-Project/install/tiago_gazebo:/home/ap432/Mart-Cart-Project/install/tiago_bringup:/home/ap432/Mart-Cart-Project/install/tiago_description:/home/ap432/Mart-Cart-Project/install/tiago_controller_configuration:${AMENT_PREFIX_PATH} CMAKE_PREFIX_PATH=/home/ap432/Mart-Cart-Project/install/tiago_gazebo:/home/ap432/Mart-Cart-Project/install/tiago_bringup:/home/ap432/Mart-Cart-Project/install/tiago_description:/home/ap432/Mart-Cart-Project/install/tiago_controller_configuration:/home/ap432/ros2_ws/install/slam:/home/ap432/ros2_ws/install/nav2:/home/ap432/ros2_ws/install/sensor:/home/ap432/ros2_ws/install/robot_description:/home/ap432/ros2_ws/install/multi_robot:/home/ap432/ros2_ws/install/gazebo_simulation:/home/ap432/ros2_ws/install/basics:/opt/ros/humble:${CMAKE_PREFIX_PATH} PYTHONPATH=/home/ap432/Mart-Cart-Project/install/tiago_description/local/lib/python3.10/dist-packages:${PYTHONPATH} /usr/bin/cmake --build /home/ap432/Mart-Cart-Project/build/tiago_simulation -- -j22 -l22
[0.550s] Invoking command in '/home/ap432/Mart-Cart-Project/build/tiago_simulation': AMENT_PREFIX_PATH=/home/ap432/Mart-Cart-Project/install/tiago_gazebo:/home/ap432/Mart-Cart-Project/install/tiago_bringup:/home/ap432/Mart-Cart-Project/install/tiago_description:/home/ap432/Mart-Cart-Project/install/tiago_controller_configuration:${AMENT_PREFIX_PATH} CMAKE_PREFIX_PATH=/home/ap432/Mart-Cart-Project/install/tiago_gazebo:/home/ap432/Mart-Cart-Project/install/tiago_bringup:/home/ap432/Mart-Cart-Project/install/tiago_description:/home/ap432/Mart-Cart-Project/install/tiago_controller_configuration:/home/ap432/ros2_ws/install/slam:/home/ap432/ros2_ws/install/nav2:/home/ap432/ros2_ws/install/sensor:/home/ap432/ros2_ws/install/robot_description:/home/ap432/ros2_ws/install/multi_robot:/home/ap432/ros2_ws/install/gazebo_simulation:/home/ap432/ros2_ws/install/basics:/opt/ros/humble:${CMAKE_PREFIX_PATH} PYTHONPATH=/home/ap432/Mart-Cart-Project/install/tiago_description/local/lib/python3.10/dist-packages:${PYTHONPATH} /usr/bin/cmake --install /home/ap432/Mart-Cart-Project/build/tiago_simulation
[0.554s] -- Install configuration: ""
[0.554s] -- Execute custom install script
[0.555s] -- Symlinking: /home/ap432/Mart-Cart-Project/install/tiago_simulation/share/ament_index/resource_index/package_run_dependencies/tiago_simulation
[0.560s] -- Symlinking: /home/ap432/Mart-Cart-Project/install/tiago_simulation/share/ament_index/resource_index/parent_prefix_path/tiago_simulation
[0.568s] -- Symlinking: /home/ap432/Mart-Cart-Project/install/tiago_simulation/share/tiago_simulation/environment/ament_prefix_path.sh
[0.576s] -- Symlinking: /home/ap432/Mart-Cart-Project/install/tiago_simulation/share/tiago_simulation/environment/ament_prefix_path.dsv
[0.582s] -- Symlinking: /home/ap432/Mart-Cart-Project/install/tiago_simulation/share/tiago_simulation/environment/path.sh
[0.588s] -- Symlinking: /home/ap432/Mart-Cart-Project/install/tiago_simulation/share/tiago_simulation/environment/path.dsv
[0.594s] -- Symlinking: /home/ap432/Mart-Cart-Project/install/tiago_simulation/share/tiago_simulation/local_setup.bash
[0.599s] -- Symlinking: /home/ap432/Mart-Cart-Project/install/tiago_simulation/share/tiago_simulation/local_setup.sh
[0.604s] -- Symlinking: /home/ap432/Mart-Cart-Project/install/tiago_simulation/share/tiago_simulation/local_setup.zsh
[0.608s] -- Symlinking: /home/ap432/Mart-Cart-Project/install/tiago_simulation/share/tiago_simulation/local_setup.dsv
[0.613s] -- Symlinking: /home/ap432/Mart-Cart-Project/install/tiago_simulation/share/tiago_simulation/package.dsv
[0.618s] -- Symlinking: /home/ap432/Mart-Cart-Project/install/tiago_simulation/share/ament_index/resource_index/packages/tiago_simulation
[0.623s] -- Symlinking: /home/ap432/Mart-Cart-Project/install/tiago_simulation/share/tiago_simulation/cmake/tiago_simulationConfig.cmake
[0.628s] -- Symlinking: /home/ap432/Mart-Cart-Project/install/tiago_simulation/share/tiago_simulation/cmake/tiago_simulationConfig-version.cmake
[0.633s] -- Symlinking: /home/ap432/Mart-Cart-Project/install/tiago_simulation/share/tiago_simulation/package.xml
[0.640s] Invoked command in '/home/ap432/Mart-Cart-Project/build/tiago_simulation' returned '0': AMENT_PREFIX_PATH=/home/ap432/Mart-Cart-Project/install/tiago_gazebo:/home/ap432/Mart-Cart-Project/install/tiago_bringup:/home/ap432/Mart-Cart-Project/install/tiago_description:/home/ap432/Mart-Cart-Project/install/tiago_controller_configuration:${AMENT_PREFIX_PATH} CMAKE_PREFIX_PATH=/home/ap432/Mart-Cart-Project/install/tiago_gazebo:/home/ap432/Mart-Cart-Project/install/tiago_bringup:/home/ap432/Mart-Cart-Project/install/tiago_description:/home/ap432/Mart-Cart-Project/install/tiago_controller_configuration:/home/ap432/ros2_ws/install/slam:/home/ap432/ros2_ws/install/nav2:/home/ap432/ros2_ws/install/sensor:/home/ap432/ros2_ws/install/robot_description:/home/ap432/ros2_ws/install/multi_robot:/home/ap432/ros2_ws/install/gazebo_simulation:/home/ap432/ros2_ws/install/basics:/opt/ros/humble:${CMAKE_PREFIX_PATH} PYTHONPATH=/home/ap432/Mart-Cart-Project/install/tiago_description/local/lib/python3.10/dist-packages:${PYTHONPATH} /usr/bin/cmake --install /home/ap432/Mart-Cart-Project/build/tiago_simulation
